  homework 4.cpp
c:\program files (x86)\microsoft directx sdk (june 2010)\include\dxgitype.h(12): warning C4005: 'DXGI_STATUS_OCCLUDED': macro redefinition
  c:\program files (x86)\windows kits\8.1\include\shared\winerror.h(50092): note: see previous definition of 'DXGI_STATUS_OCCLUDED'
c:\program files (x86)\microsoft directx sdk (june 2010)\include\dxgitype.h(13): warning C4005: 'DXGI_STATUS_CLIPPED': macro redefinition
  c:\program files (x86)\windows kits\8.1\include\shared\winerror.h(50101): note: see previous definition of 'DXGI_STATUS_CLIPPED'
c:\program files (x86)\microsoft directx sdk (june 2010)\include\dxgitype.h(14): warning C4005: 'DXGI_STATUS_NO_REDIRECTION': macro redefinition
  c:\program files (x86)\windows kits\8.1\include\shared\winerror.h(50110): note: see previous definition of 'DXGI_STATUS_NO_REDIRECTION'
c:\program files (x86)\microsoft directx sdk (june 2010)\include\dxgitype.h(15): warning C4005: 'DXGI_STATUS_NO_DESKTOP_ACCESS': macro redefinition
  c:\program files (x86)\windows kits\8.1\include\shared\winerror.h(50119): note: see previous definition of 'DXGI_STATUS_NO_DESKTOP_ACCESS'
c:\program files (x86)\microsoft directx sdk (june 2010)\include\dxgitype.h(16): warning C4005: 'DXGI_STATUS_GRAPHICS_VIDPN_SOURCE_IN_USE': macro redefinition
  c:\program files (x86)\windows kits\8.1\include\shared\winerror.h(50128): note: see previous definition of 'DXGI_STATUS_GRAPHICS_VIDPN_SOURCE_IN_USE'
c:\program files (x86)\microsoft directx sdk (june 2010)\include\dxgitype.h(17): warning C4005: 'DXGI_STATUS_MODE_CHANGED': macro redefinition
  c:\program files (x86)\windows kits\8.1\include\shared\winerror.h(50137): note: see previous definition of 'DXGI_STATUS_MODE_CHANGED'
c:\program files (x86)\microsoft directx sdk (june 2010)\include\dxgitype.h(18): warning C4005: 'DXGI_STATUS_MODE_CHANGE_IN_PROGRESS': macro redefinition
  c:\program files (x86)\windows kits\8.1\include\shared\winerror.h(50146): note: see previous definition of 'DXGI_STATUS_MODE_CHANGE_IN_PROGRESS'
c:\program files (x86)\microsoft directx sdk (june 2010)\include\dxgitype.h(21): warning C4005: 'DXGI_ERROR_INVALID_CALL': macro redefinition
  c:\program files (x86)\windows kits\8.1\include\shared\winerror.h(50161): note: see previous definition of 'DXGI_ERROR_INVALID_CALL'
c:\program files (x86)\microsoft directx sdk (june 2010)\include\dxgitype.h(22): warning C4005: 'DXGI_ERROR_NOT_FOUND': macro redefinition
  c:\program files (x86)\windows kits\8.1\include\shared\winerror.h(50170): note: see previous definition of 'DXGI_ERROR_NOT_FOUND'
c:\program files (x86)\microsoft directx sdk (june 2010)\include\dxgitype.h(23): warning C4005: 'DXGI_ERROR_MORE_DATA': macro redefinition
  c:\program files (x86)\windows kits\8.1\include\shared\winerror.h(50179): note: see previous definition of 'DXGI_ERROR_MORE_DATA'
c:\program files (x86)\microsoft directx sdk (june 2010)\include\dxgitype.h(24): warning C4005: 'DXGI_ERROR_UNSUPPORTED': macro redefinition
  c:\program files (x86)\windows kits\8.1\include\shared\winerror.h(50188): note: see previous definition of 'DXGI_ERROR_UNSUPPORTED'
c:\program files (x86)\microsoft directx sdk (june 2010)\include\dxgitype.h(25): warning C4005: 'DXGI_ERROR_DEVICE_REMOVED': macro redefinition
  c:\program files (x86)\windows kits\8.1\include\shared\winerror.h(50197): note: see previous definition of 'DXGI_ERROR_DEVICE_REMOVED'
c:\program files (x86)\microsoft directx sdk (june 2010)\include\dxgitype.h(26): warning C4005: 'DXGI_ERROR_DEVICE_HUNG': macro redefinition
  c:\program files (x86)\windows kits\8.1\include\shared\winerror.h(50206): note: see previous definition of 'DXGI_ERROR_DEVICE_HUNG'
c:\program files (x86)\microsoft directx sdk (june 2010)\include\dxgitype.h(27): warning C4005: 'DXGI_ERROR_DEVICE_RESET': macro redefinition
  c:\program files (x86)\windows kits\8.1\include\shared\winerror.h(50216): note: see previous definition of 'DXGI_ERROR_DEVICE_RESET'
c:\program files (x86)\microsoft directx sdk (june 2010)\include\dxgitype.h(28): warning C4005: 'DXGI_ERROR_WAS_STILL_DRAWING': macro redefinition
  c:\program files (x86)\windows kits\8.1\include\shared\winerror.h(50225): note: see previous definition of 'DXGI_ERROR_WAS_STILL_DRAWING'
c:\program files (x86)\microsoft directx sdk (june 2010)\include\dxgitype.h(29): warning C4005: 'DXGI_ERROR_FRAME_STATISTICS_DISJOINT': macro redefinition
  c:\program files (x86)\windows kits\8.1\include\shared\winerror.h(50235): note: see previous definition of 'DXGI_ERROR_FRAME_STATISTICS_DISJOINT'
c:\program files (x86)\microsoft directx sdk (june 2010)\include\dxgitype.h(30): warning C4005: 'DXGI_ERROR_GRAPHICS_VIDPN_SOURCE_IN_USE': macro redefinition
  c:\program files (x86)\windows kits\8.1\include\shared\winerror.h(50244): note: see previous definition of 'DXGI_ERROR_GRAPHICS_VIDPN_SOURCE_IN_USE'
c:\program files (x86)\microsoft directx sdk (june 2010)\include\dxgitype.h(31): warning C4005: 'DXGI_ERROR_DRIVER_INTERNAL_ERROR': macro redefinition
  c:\program files (x86)\windows kits\8.1\include\shared\winerror.h(50254): note: see previous definition of 'DXGI_ERROR_DRIVER_INTERNAL_ERROR'
c:\program files (x86)\microsoft directx sdk (june 2010)\include\dxgitype.h(32): warning C4005: 'DXGI_ERROR_NONEXCLUSIVE': macro redefinition
  c:\program files (x86)\windows kits\8.1\include\shared\winerror.h(50263): note: see previous definition of 'DXGI_ERROR_NONEXCLUSIVE'
c:\program files (x86)\microsoft directx sdk (june 2010)\include\dxgitype.h(33): warning C4005: 'DXGI_ERROR_NOT_CURRENTLY_AVAILABLE': macro redefinition
  c:\program files (x86)\windows kits\8.1\include\shared\winerror.h(50272): note: see previous definition of 'DXGI_ERROR_NOT_CURRENTLY_AVAILABLE'
c:\program files (x86)\microsoft directx sdk (june 2010)\include\dxgitype.h(34): warning C4005: 'DXGI_ERROR_REMOTE_CLIENT_DISCONNECTED': macro redefinition
  c:\program files (x86)\windows kits\8.1\include\shared\winerror.h(50282): note: see previous definition of 'DXGI_ERROR_REMOTE_CLIENT_DISCONNECTED'
c:\program files (x86)\microsoft directx sdk (june 2010)\include\dxgitype.h(35): warning C4005: 'DXGI_ERROR_REMOTE_OUTOFMEMORY': macro redefinition
  c:\program files (x86)\windows kits\8.1\include\shared\winerror.h(50291): note: see previous definition of 'DXGI_ERROR_REMOTE_OUTOFMEMORY'
c:\program files (x86)\microsoft directx sdk (june 2010)\include\d3d11.h(917): warning C4005: 'D3D11_ERROR_TOO_MANY_UNIQUE_STATE_OBJECTS': macro redefinition
  c:\program files (x86)\windows kits\8.1\include\shared\winerror.h(50469): note: see previous definition of 'D3D11_ERROR_TOO_MANY_UNIQUE_STATE_OBJECTS'
c:\program files (x86)\microsoft directx sdk (june 2010)\include\d3d11.h(918): warning C4005: 'D3D11_ERROR_FILE_NOT_FOUND': macro redefinition
  c:\program files (x86)\windows kits\8.1\include\shared\winerror.h(50478): note: see previous definition of 'D3D11_ERROR_FILE_NOT_FOUND'
c:\program files (x86)\microsoft directx sdk (june 2010)\include\d3d11.h(919): warning C4005: 'D3D11_ERROR_TOO_MANY_UNIQUE_VIEW_OBJECTS': macro redefinition
  c:\program files (x86)\windows kits\8.1\include\shared\winerror.h(50488): note: see previous definition of 'D3D11_ERROR_TOO_MANY_UNIQUE_VIEW_OBJECTS'
c:\program files (x86)\microsoft directx sdk (june 2010)\include\d3d11.h(920): warning C4005: 'D3D11_ERROR_DEFERRED_CONTEXT_MAP_WITHOUT_INITIAL_DISCARD': macro redefinition
  c:\program files (x86)\windows kits\8.1\include\shared\winerror.h(50497): note: see previous definition of 'D3D11_ERROR_DEFERRED_CONTEXT_MAP_WITHOUT_INITIAL_DISCARD'
c:\program files (x86)\microsoft directx sdk (june 2010)\include\d3d10.h(608): warning C4005: 'D3D10_ERROR_TOO_MANY_UNIQUE_STATE_OBJECTS': macro redefinition
  c:\program files (x86)\windows kits\8.1\include\shared\winerror.h(50445): note: see previous definition of 'D3D10_ERROR_TOO_MANY_UNIQUE_STATE_OBJECTS'
c:\program files (x86)\microsoft directx sdk (june 2010)\include\d3d10.h(609): warning C4005: 'D3D10_ERROR_FILE_NOT_FOUND': macro redefinition
  c:\program files (x86)\windows kits\8.1\include\shared\winerror.h(50454): note: see previous definition of 'D3D10_ERROR_FILE_NOT_FOUND'
c:\program files (x86)\microsoft directx sdk (june 2010)\include\xnamath.h(2662): warning C4838: conversion from 'unsigned int' to 'INT' requires a narrowing conversion
c:\program files (x86)\microsoft directx sdk (june 2010)\include\xnamath.h(2663): warning C4838: conversion from 'unsigned int' to 'INT' requires a narrowing conversion
c:\program files (x86)\microsoft directx sdk (june 2010)\include\xnamath.h(2664): warning C4838: conversion from 'unsigned int' to 'INT' requires a narrowing conversion
c:\program files (x86)\microsoft directx sdk (june 2010)\include\xnamath.h(2665): warning C4838: conversion from 'unsigned int' to 'INT' requires a narrowing conversion
c:\program files (x86)\microsoft directx sdk (june 2010)\include\xnamath.h(2666): warning C4838: conversion from 'unsigned int' to 'INT' requires a narrowing conversion
c:\program files (x86)\microsoft directx sdk (june 2010)\include\xnamath.h(2667): warning C4838: conversion from 'unsigned int' to 'INT' requires a narrowing conversion
c:\program files (x86)\microsoft directx sdk (june 2010)\include\xnamath.h(2668): warning C4838: conversion from 'unsigned int' to 'INT' requires a narrowing conversion
c:\program files (x86)\microsoft directx sdk (june 2010)\include\xnamath.h(2689): warning C4838: conversion from 'unsigned int' to 'INT' requires a narrowing conversion
c:\program files (x86)\microsoft directx sdk (june 2010)\include\xnamath.h(2690): warning C4838: conversion from 'unsigned int' to 'INT' requires a narrowing conversion
c:\program files (x86)\microsoft directx sdk (june 2010)\include\xnamath.h(2691): warning C4838: conversion from 'unsigned int' to 'INT' requires a narrowing conversion
c:\program files (x86)\microsoft directx sdk (june 2010)\include\xnamath.h(2694): warning C4838: conversion from 'unsigned int' to 'INT' requires a narrowing conversion
c:\program files (x86)\microsoft directx sdk (june 2010)\include\xnamath.h(2695): warning C4838: conversion from 'unsigned int' to 'INT' requires a narrowing conversion
c:\program files (x86)\microsoft directx sdk (june 2010)\include\xnamath.h(2698): warning C4838: conversion from 'unsigned int' to 'INT' requires a narrowing conversion
c:\program files (x86)\microsoft directx sdk (june 2010)\include\xnamath.h(2702): warning C4838: conversion from 'unsigned int' to 'INT' requires a narrowing conversion
c:\program files (x86)\microsoft directx sdk (june 2010)\include\xnamath.h(2712): warning C4838: conversion from 'unsigned int' to 'INT' requires a narrowing conversion
c:\program files (x86)\microsoft directx sdk (june 2010)\include\xnamath.h(2713): warning C4838: conversion from 'unsigned int' to 'INT' requires a narrowing conversion
c:\program files (x86)\microsoft directx sdk (june 2010)\include\xnamath.h(2715): warning C4838: conversion from 'unsigned int' to 'INT' requires a narrowing conversion
c:\program files (x86)\microsoft directx sdk (june 2010)\include\xnamath.h(2716): warning C4838: conversion from 'unsigned int' to 'INT' requires a narrowing conversion
c:\program files (x86)\microsoft directx sdk (june 2010)\include\xnamath.h(2717): warning C4838: conversion from 'unsigned int' to 'INT' requires a narrowing conversion
c:\program files (x86)\microsoft directx sdk (june 2010)\include\xnamath.h(2727): warning C4838: conversion from 'unsigned int' to 'INT' requires a narrowing conversion
c:\program files (x86)\microsoft directx sdk (june 2010)\include\xnamath.h(2728): warning C4838: conversion from 'unsigned int' to 'INT' requires a narrowing conversion
c:\program files (x86)\microsoft directx sdk (june 2010)\include\xnamath.h(2729): warning C4838: conversion from 'unsigned int' to 'INT' requires a narrowing conversion
c:\program files (x86)\microsoft directx sdk (june 2010)\include\xnamath.h(2730): warning C4838: conversion from 'unsigned int' to 'INT' requires a narrowing conversion
c:\program files (x86)\microsoft directx sdk (june 2010)\include\xnamath.h(2731): warning C4838: conversion from 'unsigned int' to 'INT' requires a narrowing conversion
c:\program files (x86)\microsoft directx sdk (june 2010)\include\xnamath.h(2732): warning C4838: conversion from 'unsigned int' to 'INT' requires a narrowing conversion
c:\program files (x86)\microsoft directx sdk (june 2010)\include\xnamath.h(2742): warning C4838: conversion from 'unsigned int' to 'INT' requires a narrowing conversion
c:\program files (x86)\microsoft directx sdk (june 2010)\include\xnamath.h(2743): warning C4838: conversion from 'unsigned int' to 'INT' requires a narrowing conversion
c:\program files (x86)\microsoft directx sdk (june 2010)\include\xnamath.h(2754): warning C4838: conversion from 'unsigned int' to 'INT' requires a narrowing conversion
c:\program files (x86)\microsoft directx sdk (june 2010)\include\xnamathconvert.inl(2254): warning C4838: conversion from 'unsigned int' to 'INT' requires a narrowing conversion
c:\program files (x86)\microsoft directx sdk (june 2010)\include\xnamathconvert.inl(4523): warning C4838: conversion from 'unsigned int' to 'INT' requires a narrowing conversion
c:\program files (x86)\microsoft directx sdk (june 2010)\include\xnamathconvert.inl(4577): warning C4838: conversion from 'unsigned int' to 'INT' requires a narrowing conversion
c:\program files (x86)\microsoft directx sdk (june 2010)\include\xnamathconvert.inl(4639): warning C4838: conversion from 'unsigned int' to 'INT' requires a narrowing conversion
c:\program files (x86)\microsoft directx sdk (june 2010)\include\xnamathconvert.inl(4707): warning C4838: conversion from 'unsigned int' to 'INT' requires a narrowing conversion
c:\program files (x86)\microsoft directx sdk (june 2010)\include\xnamathconvert.inl(4770): warning C4838: conversion from 'unsigned int' to 'INT' requires a narrowing conversion
c:\program files (x86)\microsoft directx sdk (june 2010)\include\xnamathconvert.inl(4832): warning C4838: conversion from 'unsigned int' to 'INT' requires a narrowing conversion
c:\program files (x86)\microsoft directx sdk (june 2010)\include\xnamathvector.inl(1269): warning C4838: conversion from 'unsigned int' to 'INT' requires a narrowing conversion
c:\program files (x86)\microsoft directx sdk (june 2010)\include\xnamathmisc.inl(518): warning C4838: conversion from 'unsigned int' to 'INT' requires a narrowing conversion
c:\program files (x86)\microsoft directx sdk (june 2010)\include\xnamathmisc.inl(519): warning C4838: conversion from 'unsigned int' to 'INT' requires a narrowing conversion
c:\users\sean\desktop\new folder\cst320_final_proj_shooter\groundwork.h(64): warning C4552: '/': operator has no effect; expected operator with side-effect
c:\users\sean\desktop\new folder\cst320_final_proj_shooter\groundwork.h(238): warning C4244: 'argument': conversion from 'int' to 'FLOAT', possible loss of data
c:\users\sean\desktop\new folder\cst320_final_proj_shooter\groundwork.h(241): warning C4244: 'argument': conversion from 'int' to 'FLOAT', possible loss of data
c:\users\sean\desktop\new folder\cst320_final_proj_shooter\groundwork.h(243): warning C4244: 'argument': conversion from 'int' to 'FLOAT', possible loss of data
c:\users\sean\desktop\new folder\cst320_final_proj_shooter\groundwork.h(245): warning C4244: 'argument': conversion from 'int' to 'FLOAT', possible loss of data
c:\users\sean\desktop\new folder\cst320_final_proj_shooter\groundwork.h(247): warning C4244: 'argument': conversion from 'int' to 'FLOAT', possible loss of data
c:\users\sean\desktop\new folder\cst320_final_proj_shooter\groundwork.h(252): warning C4244: 'argument': conversion from 'int' to 'FLOAT', possible loss of data
c:\users\sean\desktop\new folder\cst320_final_proj_shooter\groundwork.h(257): warning C4244: 'argument': conversion from 'int' to 'FLOAT', possible loss of data
c:\users\sean\desktop\new folder\cst320_final_proj_shooter\groundwork.h(298): warning C4018: '>=': signed/unsigned mismatch
c:\users\sean\desktop\new folder\cst320_final_proj_shooter\groundwork.h(404): warning C4018: '<': signed/unsigned mismatch
c:\users\sean\desktop\new folder\cst320_final_proj_shooter\groundwork.h(409): warning C4239: nonstandard extension used: 'argument': conversion from '_XMMATRIX' to 'XMMATRIX &'
  c:\users\sean\desktop\new folder\cst320_final_proj_shooter\groundwork.h(409): note: A non-const reference may only be bound to an lvalue
c:\users\sean\desktop\new folder\cst320_final_proj_shooter\groundwork.h(403): warning C4189: 'oo': local variable is initialized but not referenced
c:\users\sean\desktop\new folder\cst320_final_proj_shooter\groundwork.h(443): warning C4244: '=': conversion from 'int' to 'float', possible loss of data
c:\users\sean\desktop\new folder\cst320_final_proj_shooter\groundwork.h(475): warning C4244: 'initializing': conversion from 'double' to 'float', possible loss of data
c:\users\sean\desktop\new folder\cst320_final_proj_shooter\groundwork.h(535): warning C4458: declaration of 'x' hides class member
  c:\users\sean\desktop\new folder\cst320_final_proj_shooter\groundwork.h(431): note: see declaration of 'billboard::x'
c:\users\sean\desktop\new folder\cst320_final_proj_shooter\groundwork.h(536): warning C4458: declaration of 'z' hides class member
  c:\users\sean\desktop\new folder\cst320_final_proj_shooter\groundwork.h(431): note: see declaration of 'billboard::z'
c:\users\sean\desktop\new folder\cst320_final_proj_shooter\groundwork.h(538): warning C4244: '=': conversion from 'double' to 'float', possible loss of data
c:\users\sean\desktop\new folder\cst320_final_proj_shooter\groundwork.h(539): warning C4244: '=': conversion from 'double' to 'float', possible loss of data
c:\users\sean\desktop\new folder\cst320_final_proj_shooter\groundwork.h(545): warning C4244: '=': conversion from 'double' to 'float', possible loss of data
c:\users\sean\desktop\new folder\cst320_final_proj_shooter\groundwork.h(546): warning C4244: '=': conversion from 'double' to 'float', possible loss of data
c:\users\sean\desktop\new folder\cst320_final_proj_shooter\groundwork.h(550): warning C4244: '=': conversion from 'double' to 'float', possible loss of data
c:\users\sean\desktop\new folder\cst320_final_proj_shooter\groundwork.h(551): warning C4244: '=': conversion from 'double' to 'float', possible loss of data
c:\users\sean\desktop\new folder\cst320_final_proj_shooter\groundwork.h(555): warning C4244: '=': conversion from 'double' to 'float', possible loss of data
c:\users\sean\desktop\new folder\cst320_final_proj_shooter\groundwork.h(556): warning C4244: '=': conversion from 'double' to 'float', possible loss of data
c:\users\sean\desktop\new folder\cst320_final_proj_shooter\groundwork.h(470): warning C4100: 'elapsed_microseconds': unreferenced formal parameter
c:\users\sean\desktop\new folder\cst320_final_proj_shooter\groundwork.h(470): warning C4100: 'py': unreferenced formal parameter
c:\users\sean\desktop\new folder\cst320_final_proj_shooter\groundwork.h(570): warning C4100: 'dy': unreferenced formal parameter
c:\users\sean\desktop\new folder\cst320_final_proj_shooter\groundwork.h(570): warning C4100: 'py': unreferenced formal parameter
c:\users\sean\desktop\new folder\cst320_final_proj_shooter\groundwork.h(643): warning C4244: 'initializing': conversion from 'double' to 'float', possible loss of data
c:\users\sean\desktop\new folder\cst320_final_proj_shooter\groundwork.h(689): warning C4244: '=': conversion from 'double' to 'float', possible loss of data
c:\users\sean\desktop\new folder\cst320_final_proj_shooter\groundwork.h(690): warning C4244: '=': conversion from 'double' to 'float', possible loss of data
c:\users\sean\desktop\new folder\cst320_final_proj_shooter\groundwork.h(696): warning C4244: '=': conversion from 'double' to 'float', possible loss of data
c:\users\sean\desktop\new folder\cst320_final_proj_shooter\groundwork.h(697): warning C4244: '=': conversion from 'double' to 'float', possible loss of data
c:\users\sean\desktop\new folder\cst320_final_proj_shooter\groundwork.h(701): warning C4244: '=': conversion from 'double' to 'float', possible loss of data
c:\users\sean\desktop\new folder\cst320_final_proj_shooter\groundwork.h(702): warning C4244: '=': conversion from 'double' to 'float', possible loss of data
c:\users\sean\desktop\new folder\cst320_final_proj_shooter\groundwork.h(706): warning C4244: '=': conversion from 'double' to 'float', possible loss of data
c:\users\sean\desktop\new folder\cst320_final_proj_shooter\groundwork.h(707): warning C4244: '=': conversion from 'double' to 'float', possible loss of data
c:\users\sean\desktop\new folder\cst320_final_proj_shooter\groundwork.h(743): warning C4244: '=': conversion from 'double' to 'FLOAT', possible loss of data
c:\users\sean\desktop\new folder\cst320_final_proj_shooter\groundwork.h(744): warning C4244: '=': conversion from 'double' to 'FLOAT', possible loss of data
c:\users\sean\desktop\new folder\cst320_final_proj_shooter\groundwork.h(745): warning C4244: '=': conversion from 'double' to 'FLOAT', possible loss of data
c:\users\sean\desktop\new folder\cst320_final_proj_shooter\sound.h(104): warning C4244: '=': conversion from 'double' to 'float', possible loss of data
c:\users\sean\desktop\new folder\cst320_final_proj_shooter\sound.h(109): warning C4244: 'argument': conversion from 'float' to 'int', possible loss of data
c:\users\sean\desktop\new folder\cst320_final_proj_shooter\sound.h(122): warning C4244: 'argument': conversion from 'float' to 'int', possible loss of data
c:\users\sean\desktop\new folder\cst320_final_proj_shooter\sound.h(158): warning C4996: 'wcscpy': This function or variable may be unsafe. Consider using wcscpy_s instead. To disable deprecation, use _CRT_SECURE_NO_WARNINGS. See online help for details.
  c:\program files (x86)\windows kits\10\include\10.0.10240.0\ucrt\corecrt_wstring.h(121): note: see declaration of 'wcscpy'
c:\users\sean\desktop\new folder\cst320_final_proj_shooter\sound.h(176): warning C4996: 'wcscpy': This function or variable may be unsafe. Consider using wcscpy_s instead. To disable deprecation, use _CRT_SECURE_NO_WARNINGS. See online help for details.
  c:\program files (x86)\windows kits\10\include\10.0.10240.0\ucrt\corecrt_wstring.h(121): note: see declaration of 'wcscpy'
c:\users\sean\desktop\new folder\cst320_final_proj_shooter\sound.h(205): warning C4018: '<': signed/unsigned mismatch
c:\users\sean\desktop\new folder\cst320_final_proj_shooter\sound.h(214): warning C4018: '<': signed/unsigned mismatch
c:\users\sean\desktop\new folder\cst320_final_proj_shooter\homework 4.cpp(131): warning C4244: 'initializing': conversion from 'float' to 'int', possible loss of data
c:\users\sean\desktop\new folder\cst320_final_proj_shooter\homework 4.cpp(188): warning C4244: 'argument': conversion from 'time_t' to 'unsigned int', possible loss of data
c:\users\sean\desktop\new folder\cst320_final_proj_shooter\homework 4.cpp(287): warning C4244: 'argument': conversion from 'int' to 'float', possible loss of data
c:\users\sean\desktop\new folder\cst320_final_proj_shooter\homework 4.cpp(290): warning C4244: 'argument': conversion from 'int' to 'float', possible loss of data
c:\users\sean\desktop\new folder\cst320_final_proj_shooter\homework 4.cpp(294): warning C4244: 'argument': conversion from 'int' to 'float', possible loss of data
c:\users\sean\desktop\new folder\cst320_final_proj_shooter\homework 4.cpp(789): warning C4244: '=': conversion from 'double' to 'FLOAT', possible loss of data
c:\users\sean\desktop\new folder\cst320_final_proj_shooter\homework 4.cpp(782): warning C4100: 'keyFlags': unreferenced formal parameter
c:\users\sean\desktop\new folder\cst320_final_proj_shooter\homework 4.cpp(782): warning C4100: 'y': unreferenced formal parameter
c:\users\sean\desktop\new folder\cst320_final_proj_shooter\homework 4.cpp(782): warning C4100: 'x': unreferenced formal parameter
c:\users\sean\desktop\new folder\cst320_final_proj_shooter\homework 4.cpp(782): warning C4100: 'fDoubleClick': unreferenced formal parameter
c:\users\sean\desktop\new folder\cst320_final_proj_shooter\homework 4.cpp(782): warning C4100: 'hwnd': unreferenced formal parameter
c:\users\sean\desktop\new folder\cst320_final_proj_shooter\homework 4.cpp(813): warning C4100: 'keyFlags': unreferenced formal parameter
c:\users\sean\desktop\new folder\cst320_final_proj_shooter\homework 4.cpp(813): warning C4100: 'y': unreferenced formal parameter
c:\users\sean\desktop\new folder\cst320_final_proj_shooter\homework 4.cpp(813): warning C4100: 'x': unreferenced formal parameter
c:\users\sean\desktop\new folder\cst320_final_proj_shooter\homework 4.cpp(813): warning C4100: 'fDoubleClick': unreferenced formal parameter
c:\users\sean\desktop\new folder\cst320_final_proj_shooter\homework 4.cpp(813): warning C4100: 'hwnd': unreferenced formal parameter
c:\users\sean\desktop\new folder\cst320_final_proj_shooter\homework 4.cpp(820): warning C4100: 'cRepeat': unreferenced formal parameter
c:\users\sean\desktop\new folder\cst320_final_proj_shooter\homework 4.cpp(820): warning C4100: 'ch': unreferenced formal parameter
c:\users\sean\desktop\new folder\cst320_final_proj_shooter\homework 4.cpp(820): warning C4100: 'hwnd': unreferenced formal parameter
c:\users\sean\desktop\new folder\cst320_final_proj_shooter\homework 4.cpp(827): warning C4100: 'keyFlags': unreferenced formal parameter
c:\users\sean\desktop\new folder\cst320_final_proj_shooter\homework 4.cpp(827): warning C4100: 'y': unreferenced formal parameter
c:\users\sean\desktop\new folder\cst320_final_proj_shooter\homework 4.cpp(827): warning C4100: 'x': unreferenced formal parameter
c:\users\sean\desktop\new folder\cst320_final_proj_shooter\homework 4.cpp(827): warning C4100: 'hwnd': unreferenced formal parameter
c:\users\sean\desktop\new folder\cst320_final_proj_shooter\homework 4.cpp(835): warning C4100: 'keyFlags': unreferenced formal parameter
c:\users\sean\desktop\new folder\cst320_final_proj_shooter\homework 4.cpp(835): warning C4100: 'y': unreferenced formal parameter
c:\users\sean\desktop\new folder\cst320_final_proj_shooter\homework 4.cpp(835): warning C4100: 'x': unreferenced formal parameter
c:\users\sean\desktop\new folder\cst320_final_proj_shooter\homework 4.cpp(835): warning C4100: 'hwnd': unreferenced formal parameter
c:\users\sean\desktop\new folder\cst320_final_proj_shooter\homework 4.cpp(877): warning C4244: 'initializing': conversion from 'double' to 'float', possible loss of data
c:\users\sean\desktop\new folder\cst320_final_proj_shooter\homework 4.cpp(878): warning C4244: 'initializing': conversion from 'double' to 'float', possible loss of data
c:\users\sean\desktop\new folder\cst320_final_proj_shooter\homework 4.cpp(888): warning C4100: 'lpCreateStruct': unreferenced formal parameter
c:\users\sean\desktop\new folder\cst320_final_proj_shooter\homework 4.cpp(906): warning C4100: 'id': unreferenced formal parameter
c:\users\sean\desktop\new folder\cst320_final_proj_shooter\homework 4.cpp(906): warning C4100: 'hwnd': unreferenced formal parameter
c:\users\sean\desktop\new folder\cst320_final_proj_shooter\homework 4.cpp(910): warning C4100: 'flags': unreferenced formal parameter
c:\users\sean\desktop\new folder\cst320_final_proj_shooter\homework 4.cpp(910): warning C4100: 'cRepeat': unreferenced formal parameter
c:\users\sean\desktop\new folder\cst320_final_proj_shooter\homework 4.cpp(910): warning C4100: 'fDown': unreferenced formal parameter
c:\users\sean\desktop\new folder\cst320_final_proj_shooter\homework 4.cpp(910): warning C4100: 'hwnd': unreferenced formal parameter
c:\users\sean\desktop\new folder\cst320_final_proj_shooter\homework 4.cpp(936): warning C4100: 'flags': unreferenced formal parameter
c:\users\sean\desktop\new folder\cst320_final_proj_shooter\homework 4.cpp(936): warning C4100: 'cRepeat': unreferenced formal parameter
c:\users\sean\desktop\new folder\cst320_final_proj_shooter\homework 4.cpp(936): warning C4100: 'fDown': unreferenced formal parameter
c:\users\sean\desktop\new folder\cst320_final_proj_shooter\homework 4.cpp(936): warning C4100: 'hwnd': unreferenced formal parameter
c:\users\sean\desktop\new folder\cst320_final_proj_shooter\homework 4.cpp(1069): warning C4244: '+=': conversion from 'double' to 'float', possible loss of data
c:\users\sean\desktop\new folder\cst320_final_proj_shooter\homework 4.cpp(1077): warning C4018: '<': signed/unsigned mismatch
c:\users\sean\desktop\new folder\cst320_final_proj_shooter\homework 4.cpp(1096): warning C4244: '=': conversion from 'double' to 'float', possible loss of data
c:\users\sean\desktop\new folder\cst320_final_proj_shooter\homework 4.cpp(1150): warning C4244: 'argument': conversion from 'FLOAT' to 'int', possible loss of data
c:\users\sean\desktop\new folder\cst320_final_proj_shooter\homework 4.cpp(1155): warning C4189: 'power': local variable is initialized but not referenced
c:\users\sean\desktop\new folder\cst320_final_proj_shooter\homework 4.cpp(1202): warning C4459: declaration of 'ammodrop' hides global declaration
  c:\users\sean\desktop\new folder\cst320_final_proj_shooter\homework 4.cpp(41): note: see declaration of 'ammodrop'
c:\users\sean\desktop\new folder\cst320_final_proj_shooter\homework 4.cpp(1204): warning C4244: 'argument': conversion from 'FLOAT' to 'int', possible loss of data
c:\users\sean\desktop\new folder\cst320_final_proj_shooter\homework 4.cpp(1278): warning C4244: 'argument': conversion from 'double' to 'FLOAT', possible loss of data
c:\users\sean\desktop\new folder\cst320_final_proj_shooter\homework 4.cpp(1365): warning C4244: 'argument': conversion from 'double' to 'FLOAT', possible loss of data
c:\users\sean\desktop\new folder\cst320_final_proj_shooter\homework 4.cpp(1369): warning C4244: 'argument': conversion from 'double' to 'FLOAT', possible loss of data
c:\users\sean\desktop\new folder\cst320_final_proj_shooter\homework 4.cpp(1345): warning C4100: 'y': unreferenced formal parameter
c:\users\sean\desktop\new folder\cst320_final_proj_shooter\homework 4.cpp(1345): warning C4100: 'x': unreferenced formal parameter
c:\users\sean\desktop\new folder\cst320_final_proj_shooter\homework 4.cpp(1395): warning C4100: 'elapsed': unreferenced formal parameter
c:\users\sean\desktop\new folder\cst320_final_proj_shooter\homework 4.cpp(1490): warning C4244: '=': conversion from 'double' to 'float', possible loss of data
c:\users\sean\desktop\new folder\cst320_final_proj_shooter\homework 4.cpp(1561): warning C4189: 'offset': local variable is initialized but not referenced
c:\users\sean\desktop\new folder\cst320_final_proj_shooter\homework 4.cpp(1560): warning C4189: 'stride': local variable is initialized but not referenced
c:\users\sean\desktop\new folder\cst320_final_proj_shooter\homework 4.cpp(1612): warning C4244: 'initializing': conversion from 'long double' to 'long', possible loss of data
c:\users\sean\desktop\new folder\cst320_final_proj_shooter\homework 4.cpp(1701): warning C4244: 'argument': conversion from 'int' to 'float', possible loss of data
c:\users\sean\desktop\new folder\cst320_final_proj_shooter\homework 4.cpp(1704): warning C4244: 'argument': conversion from 'int' to 'float', possible loss of data
c:\users\sean\desktop\new folder\cst320_final_proj_shooter\homework 4.cpp(1719): warning C4244: 'argument': conversion from 'int' to 'float', possible loss of data
c:\users\sean\desktop\new folder\cst320_final_proj_shooter\homework 4.cpp(1722): warning C4244: 'argument': conversion from 'int' to 'float', possible loss of data
c:\users\sean\desktop\new folder\cst320_final_proj_shooter\homework 4.cpp(1737): warning C4244: 'argument': conversion from 'int' to 'float', possible loss of data
c:\users\sean\desktop\new folder\cst320_final_proj_shooter\homework 4.cpp(1740): warning C4244: 'argument': conversion from 'int' to 'float', possible loss of data
c:\users\sean\desktop\new folder\cst320_final_proj_shooter\homework 4.cpp(1755): warning C4244: 'argument': conversion from 'int' to 'float', possible loss of data
c:\users\sean\desktop\new folder\cst320_final_proj_shooter\homework 4.cpp(1758): warning C4244: 'argument': conversion from 'int' to 'float', possible loss of data
c:\users\sean\desktop\new folder\cst320_final_proj_shooter\homework 4.cpp(1772): warning C4244: 'argument': conversion from 'int' to 'float', possible loss of data
c:\users\sean\desktop\new folder\cst320_final_proj_shooter\homework 4.cpp(1775): warning C4244: 'argument': conversion from 'int' to 'float', possible loss of data
c:\users\sean\desktop\new folder\cst320_final_proj_shooter\homework 4.cpp(1787): warning C4244: 'argument': conversion from 'long' to 'float', possible loss of data
c:\users\sean\desktop\new folder\cst320_final_proj_shooter\homework 4.cpp(1789): warning C4244: 'argument': conversion from 'long' to 'float', possible loss of data
c:\users\sean\desktop\new folder\cst320_final_proj_shooter\homework 4.cpp(1791): warning C4244: 'argument': conversion from 'long' to 'float', possible loss of data
c:\users\sean\desktop\new folder\cst320_final_proj_shooter\homework 4.cpp(1793): warning C4244: 'argument': conversion from 'long' to 'float', possible loss of data
c:\users\sean\desktop\new folder\cst320_final_proj_shooter\homework 4.cpp(1795): warning C4244: 'argument': conversion from 'long' to 'float', possible loss of data
c:\users\sean\desktop\new folder\cst320_final_proj_shooter\homework 4.cpp(1797): warning C4244: 'argument': conversion from 'long' to 'float', possible loss of data
c:\users\sean\desktop\new folder\cst320_final_proj_shooter\homework 4.cpp(1847): warning C4244: '=': conversion from 'FLOAT' to 'int', possible loss of data
c:\users\sean\desktop\new folder\cst320_final_proj_shooter\homework 4.cpp(1848): warning C4244: '=': conversion from 'FLOAT' to 'int', possible loss of data
c:\users\sean\desktop\new folder\cst320_final_proj_shooter\homework 4.cpp(1849): warning C4244: '=': conversion from 'FLOAT' to 'int', possible loss of data
c:\users\sean\desktop\new folder\cst320_final_proj_shooter\homework 4.cpp(1856): warning C4244: 'argument': conversion from 'long' to 'float', possible loss of data
c:\users\sean\desktop\new folder\cst320_final_proj_shooter\homework 4.cpp(1856): warning C4244: 'argument': conversion from 'FLOAT' to 'int', possible loss of data
c:\users\sean\desktop\new folder\cst320_final_proj_shooter\homework 4.cpp(1858): warning C4244: 'argument': conversion from 'long' to 'float', possible loss of data
c:\users\sean\desktop\new folder\cst320_final_proj_shooter\homework 4.cpp(1858): warning C4244: 'argument': conversion from 'FLOAT' to 'int', possible loss of data
c:\users\sean\desktop\new folder\cst320_final_proj_shooter\homework 4.cpp(1860): warning C4244: 'argument': conversion from 'long' to 'float', possible loss of data
c:\users\sean\desktop\new folder\cst320_final_proj_shooter\homework 4.cpp(1860): warning C4244: 'argument': conversion from 'FLOAT' to 'int', possible loss of data
c:\users\sean\desktop\new folder\cst320_final_proj_shooter\homework 4.cpp(1862): warning C4244: 'argument': conversion from 'long' to 'float', possible loss of data
c:\users\sean\desktop\new folder\cst320_final_proj_shooter\homework 4.cpp(1862): warning C4244: 'argument': conversion from 'FLOAT' to 'int', possible loss of data
c:\users\sean\desktop\new folder\cst320_final_proj_shooter\homework 4.cpp(1864): warning C4244: 'argument': conversion from 'long' to 'float', possible loss of data
c:\users\sean\desktop\new folder\cst320_final_proj_shooter\homework 4.cpp(1864): warning C4244: 'argument': conversion from 'FLOAT' to 'int', possible loss of data
c:\users\sean\desktop\new folder\cst320_final_proj_shooter\homework 4.cpp(1866): warning C4244: 'argument': conversion from 'long' to 'float', possible loss of data
c:\users\sean\desktop\new folder\cst320_final_proj_shooter\homework 4.cpp(1866): warning C4244: 'argument': conversion from 'FLOAT' to 'int', possible loss of data
c:\users\sean\desktop\new folder\cst320_final_proj_shooter\homework 4.cpp(1873): warning C4244: 'argument': conversion from 'long' to 'float', possible loss of data
c:\users\sean\desktop\new folder\cst320_final_proj_shooter\homework 4.cpp(1877): warning C4244: 'argument': conversion from 'int' to 'float', possible loss of data
c:\users\sean\desktop\new folder\cst320_final_proj_shooter\homework 4.cpp(1884): warning C4244: 'argument': conversion from 'long' to 'float', possible loss of data
c:\users\sean\desktop\new folder\cst320_final_proj_shooter\homework 4.cpp(1631): warning C4189: 'offset': local variable is initialized but not referenced
c:\users\sean\desktop\new folder\cst320_final_proj_shooter\homework 4.cpp(1630): warning C4189: 'stride': local variable is initialized but not referenced
  lecture 8_2010.vcxproj -> C:\Users\Sean\Desktop\New folder\CST320_Final_Proj_Shooter\Debug\homework 4.exe
  lecture 8_2010.vcxproj -> C:\Users\Sean\Desktop\New folder\CST320_Final_Proj_Shooter\Debug\homework 4.pdb (Full PDB)
