  homework 4.cpp
c:\program files (x86)\microsoft directx sdk (june 2010)\include\dxgitype.h(12): warning C4005: 'DXGI_STATUS_OCCLUDED': macro redefinition
  C:\Program Files (x86)\Windows Kits\10\Include\10.0.15063.0\shared\winerror.h(52946): note: see previous definition of 'DXGI_STATUS_OCCLUDED'
c:\program files (x86)\microsoft directx sdk (june 2010)\include\dxgitype.h(13): warning C4005: 'DXGI_STATUS_CLIPPED': macro redefinition
  C:\Program Files (x86)\Windows Kits\10\Include\10.0.15063.0\shared\winerror.h(52955): note: see previous definition of 'DXGI_STATUS_CLIPPED'
c:\program files (x86)\microsoft directx sdk (june 2010)\include\dxgitype.h(14): warning C4005: 'DXGI_STATUS_NO_REDIRECTION': macro redefinition
  C:\Program Files (x86)\Windows Kits\10\Include\10.0.15063.0\shared\winerror.h(52964): note: see previous definition of 'DXGI_STATUS_NO_REDIRECTION'
c:\program files (x86)\microsoft directx sdk (june 2010)\include\dxgitype.h(15): warning C4005: 'DXGI_STATUS_NO_DESKTOP_ACCESS': macro redefinition
  C:\Program Files (x86)\Windows Kits\10\Include\10.0.15063.0\shared\winerror.h(52973): note: see previous definition of 'DXGI_STATUS_NO_DESKTOP_ACCESS'
c:\program files (x86)\microsoft directx sdk (june 2010)\include\dxgitype.h(16): warning C4005: 'DXGI_STATUS_GRAPHICS_VIDPN_SOURCE_IN_USE': macro redefinition
  C:\Program Files (x86)\Windows Kits\10\Include\10.0.15063.0\shared\winerror.h(52982): note: see previous definition of 'DXGI_STATUS_GRAPHICS_VIDPN_SOURCE_IN_USE'
c:\program files (x86)\microsoft directx sdk (june 2010)\include\dxgitype.h(17): warning C4005: 'DXGI_STATUS_MODE_CHANGED': macro redefinition
  C:\Program Files (x86)\Windows Kits\10\Include\10.0.15063.0\shared\winerror.h(52991): note: see previous definition of 'DXGI_STATUS_MODE_CHANGED'
c:\program files (x86)\microsoft directx sdk (june 2010)\include\dxgitype.h(18): warning C4005: 'DXGI_STATUS_MODE_CHANGE_IN_PROGRESS': macro redefinition
  C:\Program Files (x86)\Windows Kits\10\Include\10.0.15063.0\shared\winerror.h(53000): note: see previous definition of 'DXGI_STATUS_MODE_CHANGE_IN_PROGRESS'
c:\program files (x86)\microsoft directx sdk (june 2010)\include\dxgitype.h(21): warning C4005: 'DXGI_ERROR_INVALID_CALL': macro redefinition
  C:\Program Files (x86)\Windows Kits\10\Include\10.0.15063.0\shared\winerror.h(53015): note: see previous definition of 'DXGI_ERROR_INVALID_CALL'
c:\program files (x86)\microsoft directx sdk (june 2010)\include\dxgitype.h(22): warning C4005: 'DXGI_ERROR_NOT_FOUND': macro redefinition
  C:\Program Files (x86)\Windows Kits\10\Include\10.0.15063.0\shared\winerror.h(53024): note: see previous definition of 'DXGI_ERROR_NOT_FOUND'
c:\program files (x86)\microsoft directx sdk (june 2010)\include\dxgitype.h(23): warning C4005: 'DXGI_ERROR_MORE_DATA': macro redefinition
  C:\Program Files (x86)\Windows Kits\10\Include\10.0.15063.0\shared\winerror.h(53033): note: see previous definition of 'DXGI_ERROR_MORE_DATA'
c:\program files (x86)\microsoft directx sdk (june 2010)\include\dxgitype.h(24): warning C4005: 'DXGI_ERROR_UNSUPPORTED': macro redefinition
  C:\Program Files (x86)\Windows Kits\10\Include\10.0.15063.0\shared\winerror.h(53042): note: see previous definition of 'DXGI_ERROR_UNSUPPORTED'
c:\program files (x86)\microsoft directx sdk (june 2010)\include\dxgitype.h(25): warning C4005: 'DXGI_ERROR_DEVICE_REMOVED': macro redefinition
  C:\Program Files (x86)\Windows Kits\10\Include\10.0.15063.0\shared\winerror.h(53051): note: see previous definition of 'DXGI_ERROR_DEVICE_REMOVED'
c:\program files (x86)\microsoft directx sdk (june 2010)\include\dxgitype.h(26): warning C4005: 'DXGI_ERROR_DEVICE_HUNG': macro redefinition
  C:\Program Files (x86)\Windows Kits\10\Include\10.0.15063.0\shared\winerror.h(53060): note: see previous definition of 'DXGI_ERROR_DEVICE_HUNG'
c:\program files (x86)\microsoft directx sdk (june 2010)\include\dxgitype.h(27): warning C4005: 'DXGI_ERROR_DEVICE_RESET': macro redefinition
  C:\Program Files (x86)\Windows Kits\10\Include\10.0.15063.0\shared\winerror.h(53070): note: see previous definition of 'DXGI_ERROR_DEVICE_RESET'
c:\program files (x86)\microsoft directx sdk (june 2010)\include\dxgitype.h(28): warning C4005: 'DXGI_ERROR_WAS_STILL_DRAWING': macro redefinition
  C:\Program Files (x86)\Windows Kits\10\Include\10.0.15063.0\shared\winerror.h(53079): note: see previous definition of 'DXGI_ERROR_WAS_STILL_DRAWING'
c:\program files (x86)\microsoft directx sdk (june 2010)\include\dxgitype.h(29): warning C4005: 'DXGI_ERROR_FRAME_STATISTICS_DISJOINT': macro redefinition
  C:\Program Files (x86)\Windows Kits\10\Include\10.0.15063.0\shared\winerror.h(53089): note: see previous definition of 'DXGI_ERROR_FRAME_STATISTICS_DISJOINT'
c:\program files (x86)\microsoft directx sdk (june 2010)\include\dxgitype.h(30): warning C4005: 'DXGI_ERROR_GRAPHICS_VIDPN_SOURCE_IN_USE': macro redefinition
  C:\Program Files (x86)\Windows Kits\10\Include\10.0.15063.0\shared\winerror.h(53098): note: see previous definition of 'DXGI_ERROR_GRAPHICS_VIDPN_SOURCE_IN_USE'
c:\program files (x86)\microsoft directx sdk (june 2010)\include\dxgitype.h(31): warning C4005: 'DXGI_ERROR_DRIVER_INTERNAL_ERROR': macro redefinition
  C:\Program Files (x86)\Windows Kits\10\Include\10.0.15063.0\shared\winerror.h(53108): note: see previous definition of 'DXGI_ERROR_DRIVER_INTERNAL_ERROR'
c:\program files (x86)\microsoft directx sdk (june 2010)\include\dxgitype.h(32): warning C4005: 'DXGI_ERROR_NONEXCLUSIVE': macro redefinition
  C:\Program Files (x86)\Windows Kits\10\Include\10.0.15063.0\shared\winerror.h(53117): note: see previous definition of 'DXGI_ERROR_NONEXCLUSIVE'
c:\program files (x86)\microsoft directx sdk (june 2010)\include\dxgitype.h(33): warning C4005: 'DXGI_ERROR_NOT_CURRENTLY_AVAILABLE': macro redefinition
  C:\Program Files (x86)\Windows Kits\10\Include\10.0.15063.0\shared\winerror.h(53126): note: see previous definition of 'DXGI_ERROR_NOT_CURRENTLY_AVAILABLE'
c:\program files (x86)\microsoft directx sdk (june 2010)\include\dxgitype.h(34): warning C4005: 'DXGI_ERROR_REMOTE_CLIENT_DISCONNECTED': macro redefinition
  C:\Program Files (x86)\Windows Kits\10\Include\10.0.15063.0\shared\winerror.h(53136): note: see previous definition of 'DXGI_ERROR_REMOTE_CLIENT_DISCONNECTED'
c:\program files (x86)\microsoft directx sdk (june 2010)\include\dxgitype.h(35): warning C4005: 'DXGI_ERROR_REMOTE_OUTOFMEMORY': macro redefinition
  C:\Program Files (x86)\Windows Kits\10\Include\10.0.15063.0\shared\winerror.h(53145): note: see previous definition of 'DXGI_ERROR_REMOTE_OUTOFMEMORY'
C:\Program Files (x86)\Microsoft DirectX SDK (June 2010)\Include\d3d11.h(917): warning C4005: 'D3D11_ERROR_TOO_MANY_UNIQUE_STATE_OBJECTS': macro redefinition
  C:\Program Files (x86)\Windows Kits\10\Include\10.0.15063.0\shared\winerror.h(53409): note: see previous definition of 'D3D11_ERROR_TOO_MANY_UNIQUE_STATE_OBJECTS'
C:\Program Files (x86)\Microsoft DirectX SDK (June 2010)\Include\d3d11.h(918): warning C4005: 'D3D11_ERROR_FILE_NOT_FOUND': macro redefinition
  C:\Program Files (x86)\Windows Kits\10\Include\10.0.15063.0\shared\winerror.h(53418): note: see previous definition of 'D3D11_ERROR_FILE_NOT_FOUND'
C:\Program Files (x86)\Microsoft DirectX SDK (June 2010)\Include\d3d11.h(919): warning C4005: 'D3D11_ERROR_TOO_MANY_UNIQUE_VIEW_OBJECTS': macro redefinition
  C:\Program Files (x86)\Windows Kits\10\Include\10.0.15063.0\shared\winerror.h(53428): note: see previous definition of 'D3D11_ERROR_TOO_MANY_UNIQUE_VIEW_OBJECTS'
C:\Program Files (x86)\Microsoft DirectX SDK (June 2010)\Include\d3d11.h(920): warning C4005: 'D3D11_ERROR_DEFERRED_CONTEXT_MAP_WITHOUT_INITIAL_DISCARD': macro redefinition
  C:\Program Files (x86)\Windows Kits\10\Include\10.0.15063.0\shared\winerror.h(53437): note: see previous definition of 'D3D11_ERROR_DEFERRED_CONTEXT_MAP_WITHOUT_INITIAL_DISCARD'
c:\program files (x86)\microsoft directx sdk (june 2010)\include\d3d10.h(608): warning C4005: 'D3D10_ERROR_TOO_MANY_UNIQUE_STATE_OBJECTS': macro redefinition
  C:\Program Files (x86)\Windows Kits\10\Include\10.0.15063.0\shared\winerror.h(53385): note: see previous definition of 'D3D10_ERROR_TOO_MANY_UNIQUE_STATE_OBJECTS'
c:\program files (x86)\microsoft directx sdk (june 2010)\include\d3d10.h(609): warning C4005: 'D3D10_ERROR_FILE_NOT_FOUND': macro redefinition
  C:\Program Files (x86)\Windows Kits\10\Include\10.0.15063.0\shared\winerror.h(53394): note: see previous definition of 'D3D10_ERROR_FILE_NOT_FOUND'
C:\Program Files (x86)\Microsoft DirectX SDK (June 2010)\Include\xnamath.h(2662): warning C4838: conversion from 'unsigned int' to 'INT' requires a narrowing conversion
C:\Program Files (x86)\Microsoft DirectX SDK (June 2010)\Include\xnamath.h(2663): warning C4838: conversion from 'unsigned int' to 'INT' requires a narrowing conversion
C:\Program Files (x86)\Microsoft DirectX SDK (June 2010)\Include\xnamath.h(2664): warning C4838: conversion from 'unsigned int' to 'INT' requires a narrowing conversion
C:\Program Files (x86)\Microsoft DirectX SDK (June 2010)\Include\xnamath.h(2665): warning C4838: conversion from 'unsigned int' to 'INT' requires a narrowing conversion
C:\Program Files (x86)\Microsoft DirectX SDK (June 2010)\Include\xnamath.h(2666): warning C4838: conversion from 'unsigned int' to 'INT' requires a narrowing conversion
C:\Program Files (x86)\Microsoft DirectX SDK (June 2010)\Include\xnamath.h(2667): warning C4838: conversion from 'unsigned int' to 'INT' requires a narrowing conversion
C:\Program Files (x86)\Microsoft DirectX SDK (June 2010)\Include\xnamath.h(2668): warning C4838: conversion from 'unsigned int' to 'INT' requires a narrowing conversion
C:\Program Files (x86)\Microsoft DirectX SDK (June 2010)\Include\xnamath.h(2689): warning C4838: conversion from 'unsigned int' to 'INT' requires a narrowing conversion
C:\Program Files (x86)\Microsoft DirectX SDK (June 2010)\Include\xnamath.h(2690): warning C4838: conversion from 'unsigned int' to 'INT' requires a narrowing conversion
C:\Program Files (x86)\Microsoft DirectX SDK (June 2010)\Include\xnamath.h(2691): warning C4838: conversion from 'unsigned int' to 'INT' requires a narrowing conversion
C:\Program Files (x86)\Microsoft DirectX SDK (June 2010)\Include\xnamath.h(2694): warning C4838: conversion from 'unsigned int' to 'INT' requires a narrowing conversion
C:\Program Files (x86)\Microsoft DirectX SDK (June 2010)\Include\xnamath.h(2695): warning C4838: conversion from 'unsigned int' to 'INT' requires a narrowing conversion
C:\Program Files (x86)\Microsoft DirectX SDK (June 2010)\Include\xnamath.h(2698): warning C4838: conversion from 'unsigned int' to 'INT' requires a narrowing conversion
C:\Program Files (x86)\Microsoft DirectX SDK (June 2010)\Include\xnamath.h(2702): warning C4838: conversion from 'unsigned int' to 'INT' requires a narrowing conversion
C:\Program Files (x86)\Microsoft DirectX SDK (June 2010)\Include\xnamath.h(2712): warning C4838: conversion from 'unsigned int' to 'INT' requires a narrowing conversion
C:\Program Files (x86)\Microsoft DirectX SDK (June 2010)\Include\xnamath.h(2713): warning C4838: conversion from 'unsigned int' to 'INT' requires a narrowing conversion
C:\Program Files (x86)\Microsoft DirectX SDK (June 2010)\Include\xnamath.h(2715): warning C4838: conversion from 'unsigned int' to 'INT' requires a narrowing conversion
C:\Program Files (x86)\Microsoft DirectX SDK (June 2010)\Include\xnamath.h(2716): warning C4838: conversion from 'unsigned int' to 'INT' requires a narrowing conversion
C:\Program Files (x86)\Microsoft DirectX SDK (June 2010)\Include\xnamath.h(2717): warning C4838: conversion from 'unsigned int' to 'INT' requires a narrowing conversion
C:\Program Files (x86)\Microsoft DirectX SDK (June 2010)\Include\xnamath.h(2727): warning C4838: conversion from 'unsigned int' to 'INT' requires a narrowing conversion
C:\Program Files (x86)\Microsoft DirectX SDK (June 2010)\Include\xnamath.h(2728): warning C4838: conversion from 'unsigned int' to 'INT' requires a narrowing conversion
C:\Program Files (x86)\Microsoft DirectX SDK (June 2010)\Include\xnamath.h(2729): warning C4838: conversion from 'unsigned int' to 'INT' requires a narrowing conversion
C:\Program Files (x86)\Microsoft DirectX SDK (June 2010)\Include\xnamath.h(2730): warning C4838: conversion from 'unsigned int' to 'INT' requires a narrowing conversion
C:\Program Files (x86)\Microsoft DirectX SDK (June 2010)\Include\xnamath.h(2731): warning C4838: conversion from 'unsigned int' to 'INT' requires a narrowing conversion
C:\Program Files (x86)\Microsoft DirectX SDK (June 2010)\Include\xnamath.h(2732): warning C4838: conversion from 'unsigned int' to 'INT' requires a narrowing conversion
C:\Program Files (x86)\Microsoft DirectX SDK (June 2010)\Include\xnamath.h(2742): warning C4838: conversion from 'unsigned int' to 'INT' requires a narrowing conversion
C:\Program Files (x86)\Microsoft DirectX SDK (June 2010)\Include\xnamath.h(2743): warning C4838: conversion from 'unsigned int' to 'INT' requires a narrowing conversion
C:\Program Files (x86)\Microsoft DirectX SDK (June 2010)\Include\xnamath.h(2754): warning C4838: conversion from 'unsigned int' to 'INT' requires a narrowing conversion
c:\program files (x86)\microsoft directx sdk (june 2010)\include\xnamathconvert.inl(2254): warning C4838: conversion from 'unsigned int' to 'INT' requires a narrowing conversion
c:\program files (x86)\microsoft directx sdk (june 2010)\include\xnamathconvert.inl(4523): warning C4838: conversion from 'unsigned int' to 'INT' requires a narrowing conversion
c:\program files (x86)\microsoft directx sdk (june 2010)\include\xnamathconvert.inl(4577): warning C4838: conversion from 'unsigned int' to 'INT' requires a narrowing conversion
c:\program files (x86)\microsoft directx sdk (june 2010)\include\xnamathconvert.inl(4639): warning C4838: conversion from 'unsigned int' to 'INT' requires a narrowing conversion
c:\program files (x86)\microsoft directx sdk (june 2010)\include\xnamathconvert.inl(4707): warning C4838: conversion from 'unsigned int' to 'INT' requires a narrowing conversion
c:\program files (x86)\microsoft directx sdk (june 2010)\include\xnamathconvert.inl(4770): warning C4838: conversion from 'unsigned int' to 'INT' requires a narrowing conversion
c:\program files (x86)\microsoft directx sdk (june 2010)\include\xnamathconvert.inl(4832): warning C4838: conversion from 'unsigned int' to 'INT' requires a narrowing conversion
c:\program files (x86)\microsoft directx sdk (june 2010)\include\xnamathmisc.inl(518): warning C4838: conversion from 'unsigned int' to 'INT' requires a narrowing conversion
c:\program files (x86)\microsoft directx sdk (june 2010)\include\xnamathmisc.inl(519): warning C4838: conversion from 'unsigned int' to 'INT' requires a narrowing conversion
c:\users\smofa\desktop\school\game design\new folder\fps-zombies\groundwork.h(64): warning C4552: '/': operator has no effect; expected operator with side-effect
c:\users\smofa\desktop\school\game design\new folder\fps-zombies\groundwork.h(238): warning C4244: 'argument': conversion from 'int' to 'FLOAT', possible loss of data
c:\users\smofa\desktop\school\game design\new folder\fps-zombies\groundwork.h(241): warning C4244: 'argument': conversion from 'int' to 'FLOAT', possible loss of data
c:\users\smofa\desktop\school\game design\new folder\fps-zombies\groundwork.h(243): warning C4244: 'argument': conversion from 'int' to 'FLOAT', possible loss of data
c:\users\smofa\desktop\school\game design\new folder\fps-zombies\groundwork.h(245): warning C4244: 'argument': conversion from 'int' to 'FLOAT', possible loss of data
c:\users\smofa\desktop\school\game design\new folder\fps-zombies\groundwork.h(247): warning C4244: 'argument': conversion from 'int' to 'FLOAT', possible loss of data
c:\users\smofa\desktop\school\game design\new folder\fps-zombies\groundwork.h(252): warning C4244: 'argument': conversion from 'int' to 'FLOAT', possible loss of data
c:\users\smofa\desktop\school\game design\new folder\fps-zombies\groundwork.h(257): warning C4244: 'argument': conversion from 'int' to 'FLOAT', possible loss of data
c:\users\smofa\desktop\school\game design\new folder\fps-zombies\groundwork.h(298): warning C4018: '>=': signed/unsigned mismatch
c:\users\smofa\desktop\school\game design\new folder\fps-zombies\groundwork.h(404): warning C4018: '<': signed/unsigned mismatch
c:\users\smofa\desktop\school\game design\new folder\fps-zombies\groundwork.h(409): warning C4239: nonstandard extension used: 'argument': conversion from '_XMMATRIX' to 'XMMATRIX &'
  c:\users\smofa\desktop\school\game design\new folder\fps-zombies\groundwork.h(409): note: A non-const reference may only be bound to an lvalue
c:\users\smofa\desktop\school\game design\new folder\fps-zombies\groundwork.h(403): warning C4189: 'oo': local variable is initialized but not referenced
c:\users\smofa\desktop\school\game design\new folder\fps-zombies\groundwork.h(443): warning C4244: '=': conversion from 'int' to 'float', possible loss of data
c:\users\smofa\desktop\school\game design\new folder\fps-zombies\groundwork.h(535): warning C4458: declaration of 'x' hides class member
  c:\users\smofa\desktop\school\game design\new folder\fps-zombies\groundwork.h(431): note: see declaration of 'billboard::x'
c:\users\smofa\desktop\school\game design\new folder\fps-zombies\groundwork.h(536): warning C4458: declaration of 'z' hides class member
  c:\users\smofa\desktop\school\game design\new folder\fps-zombies\groundwork.h(431): note: see declaration of 'billboard::z'
c:\users\smofa\desktop\school\game design\new folder\fps-zombies\groundwork.h(538): warning C4244: '=': conversion from 'double' to 'float', possible loss of data
c:\users\smofa\desktop\school\game design\new folder\fps-zombies\groundwork.h(539): warning C4244: '=': conversion from 'double' to 'float', possible loss of data
c:\users\smofa\desktop\school\game design\new folder\fps-zombies\groundwork.h(545): warning C4244: '=': conversion from 'double' to 'float', possible loss of data
c:\users\smofa\desktop\school\game design\new folder\fps-zombies\groundwork.h(546): warning C4244: '=': conversion from 'double' to 'float', possible loss of data
c:\users\smofa\desktop\school\game design\new folder\fps-zombies\groundwork.h(550): warning C4244: '=': conversion from 'double' to 'float', possible loss of data
c:\users\smofa\desktop\school\game design\new folder\fps-zombies\groundwork.h(551): warning C4244: '=': conversion from 'double' to 'float', possible loss of data
c:\users\smofa\desktop\school\game design\new folder\fps-zombies\groundwork.h(555): warning C4244: '=': conversion from 'double' to 'float', possible loss of data
c:\users\smofa\desktop\school\game design\new folder\fps-zombies\groundwork.h(556): warning C4244: '=': conversion from 'double' to 'float', possible loss of data
c:\users\smofa\desktop\school\game design\new folder\fps-zombies\groundwork.h(470): warning C4100: 'elapsed_microseconds': unreferenced formal parameter
c:\users\smofa\desktop\school\game design\new folder\fps-zombies\groundwork.h(470): warning C4100: 'py': unreferenced formal parameter
c:\users\smofa\desktop\school\game design\new folder\fps-zombies\groundwork.h(570): warning C4100: 'dy': unreferenced formal parameter
c:\users\smofa\desktop\school\game design\new folder\fps-zombies\groundwork.h(570): warning C4100: 'py': unreferenced formal parameter
c:\users\smofa\desktop\school\game design\new folder\fps-zombies\groundwork.h(645): warning C4244: 'initializing': conversion from 'double' to 'float', possible loss of data
c:\users\smofa\desktop\school\game design\new folder\fps-zombies\groundwork.h(653): warning C4244: '=': conversion from 'double' to 'float', possible loss of data
c:\users\smofa\desktop\school\game design\new folder\fps-zombies\groundwork.h(654): warning C4244: '=': conversion from 'double' to 'float', possible loss of data
c:\users\smofa\desktop\school\game design\new folder\fps-zombies\groundwork.h(727): warning C4244: '=': conversion from 'double' to 'float', possible loss of data
c:\users\smofa\desktop\school\game design\new folder\fps-zombies\groundwork.h(728): warning C4244: '=': conversion from 'double' to 'float', possible loss of data
c:\users\smofa\desktop\school\game design\new folder\fps-zombies\groundwork.h(734): warning C4244: '=': conversion from 'double' to 'float', possible loss of data
c:\users\smofa\desktop\school\game design\new folder\fps-zombies\groundwork.h(735): warning C4244: '=': conversion from 'double' to 'float', possible loss of data
c:\users\smofa\desktop\school\game design\new folder\fps-zombies\groundwork.h(739): warning C4244: '=': conversion from 'double' to 'float', possible loss of data
c:\users\smofa\desktop\school\game design\new folder\fps-zombies\groundwork.h(740): warning C4244: '=': conversion from 'double' to 'float', possible loss of data
c:\users\smofa\desktop\school\game design\new folder\fps-zombies\groundwork.h(744): warning C4244: '=': conversion from 'double' to 'float', possible loss of data
c:\users\smofa\desktop\school\game design\new folder\fps-zombies\groundwork.h(745): warning C4244: '=': conversion from 'double' to 'float', possible loss of data
c:\users\smofa\desktop\school\game design\new folder\fps-zombies\groundwork.h(782): warning C4244: '=': conversion from 'double' to 'FLOAT', possible loss of data
c:\users\smofa\desktop\school\game design\new folder\fps-zombies\groundwork.h(783): warning C4244: '=': conversion from 'double' to 'FLOAT', possible loss of data
c:\users\smofa\desktop\school\game design\new folder\fps-zombies\groundwork.h(784): warning C4244: '=': conversion from 'double' to 'FLOAT', possible loss of data
c:\users\smofa\desktop\school\game design\new folder\fps-zombies\sound.h(104): warning C4244: '=': conversion from 'double' to 'float', possible loss of data
c:\users\smofa\desktop\school\game design\new folder\fps-zombies\sound.h(109): warning C4244: 'argument': conversion from 'float' to 'int', possible loss of data
c:\users\smofa\desktop\school\game design\new folder\fps-zombies\sound.h(122): warning C4244: 'argument': conversion from 'float' to 'int', possible loss of data
c:\users\smofa\desktop\school\game design\new folder\fps-zombies\sound.h(158): warning C4996: 'wcscpy': This function or variable may be unsafe. Consider using wcscpy_s instead. To disable deprecation, use _CRT_SECURE_NO_WARNINGS. See online help for details.
  C:\Program Files (x86)\Windows Kits\10\Include\10.0.15063.0\ucrt\corecrt_wstring.h(123): note: see declaration of 'wcscpy'
c:\users\smofa\desktop\school\game design\new folder\fps-zombies\sound.h(176): warning C4996: 'wcscpy': This function or variable may be unsafe. Consider using wcscpy_s instead. To disable deprecation, use _CRT_SECURE_NO_WARNINGS. See online help for details.
  C:\Program Files (x86)\Windows Kits\10\Include\10.0.15063.0\ucrt\corecrt_wstring.h(123): note: see declaration of 'wcscpy'
c:\users\smofa\desktop\school\game design\new folder\fps-zombies\sound.h(205): warning C4018: '<': signed/unsigned mismatch
c:\users\smofa\desktop\school\game design\new folder\fps-zombies\sound.h(214): warning C4018: '<': signed/unsigned mismatch
homework 4.cpp(133): warning C4244: 'initializing': conversion from 'float' to 'int', possible loss of data
homework 4.cpp(190): warning C4244: 'argument': conversion from 'time_t' to 'unsigned int', possible loss of data
homework 4.cpp(289): warning C4244: 'argument': conversion from 'int' to 'float', possible loss of data
homework 4.cpp(292): warning C4244: 'argument': conversion from 'int' to 'float', possible loss of data
homework 4.cpp(295): warning C4244: 'argument': conversion from 'int' to 'float', possible loss of data
homework 4.cpp(301): warning C4244: 'argument': conversion from 'time_t' to 'unsigned int', possible loss of data
homework 4.cpp(787): warning C4244: '=': conversion from 'double' to 'FLOAT', possible loss of data
homework 4.cpp(780): warning C4100: 'keyFlags': unreferenced formal parameter
homework 4.cpp(780): warning C4100: 'y': unreferenced formal parameter
homework 4.cpp(780): warning C4100: 'x': unreferenced formal parameter
homework 4.cpp(780): warning C4100: 'fDoubleClick': unreferenced formal parameter
homework 4.cpp(780): warning C4100: 'hwnd': unreferenced formal parameter
homework 4.cpp(811): warning C4100: 'keyFlags': unreferenced formal parameter
homework 4.cpp(811): warning C4100: 'y': unreferenced formal parameter
homework 4.cpp(811): warning C4100: 'x': unreferenced formal parameter
homework 4.cpp(811): warning C4100: 'fDoubleClick': unreferenced formal parameter
homework 4.cpp(811): warning C4100: 'hwnd': unreferenced formal parameter
homework 4.cpp(818): warning C4100: 'cRepeat': unreferenced formal parameter
homework 4.cpp(818): warning C4100: 'ch': unreferenced formal parameter
homework 4.cpp(818): warning C4100: 'hwnd': unreferenced formal parameter
homework 4.cpp(825): warning C4100: 'keyFlags': unreferenced formal parameter
homework 4.cpp(825): warning C4100: 'y': unreferenced formal parameter
homework 4.cpp(825): warning C4100: 'x': unreferenced formal parameter
homework 4.cpp(825): warning C4100: 'hwnd': unreferenced formal parameter
homework 4.cpp(833): warning C4100: 'keyFlags': unreferenced formal parameter
homework 4.cpp(833): warning C4100: 'y': unreferenced formal parameter
homework 4.cpp(833): warning C4100: 'x': unreferenced formal parameter
homework 4.cpp(833): warning C4100: 'hwnd': unreferenced formal parameter
homework 4.cpp(875): warning C4244: 'initializing': conversion from 'double' to 'float', possible loss of data
homework 4.cpp(876): warning C4244: 'initializing': conversion from 'double' to 'float', possible loss of data
homework 4.cpp(886): warning C4100: 'lpCreateStruct': unreferenced formal parameter
homework 4.cpp(904): warning C4100: 'id': unreferenced formal parameter
homework 4.cpp(904): warning C4100: 'hwnd': unreferenced formal parameter
homework 4.cpp(908): warning C4100: 'flags': unreferenced formal parameter
homework 4.cpp(908): warning C4100: 'cRepeat': unreferenced formal parameter
homework 4.cpp(908): warning C4100: 'fDown': unreferenced formal parameter
homework 4.cpp(908): warning C4100: 'hwnd': unreferenced formal parameter
homework 4.cpp(934): warning C4100: 'flags': unreferenced formal parameter
homework 4.cpp(934): warning C4100: 'cRepeat': unreferenced formal parameter
homework 4.cpp(934): warning C4100: 'fDown': unreferenced formal parameter
homework 4.cpp(934): warning C4100: 'hwnd': unreferenced formal parameter
homework 4.cpp(1067): warning C4244: '+=': conversion from 'double' to 'float', possible loss of data
homework 4.cpp(1075): warning C4018: '<': signed/unsigned mismatch
homework 4.cpp(1094): warning C4244: '=': conversion from 'double' to 'float', possible loss of data
homework 4.cpp(1148): warning C4244: 'argument': conversion from 'FLOAT' to 'int', possible loss of data
homework 4.cpp(1153): warning C4189: 'power': local variable is initialized but not referenced
homework 4.cpp(1200): warning C4459: declaration of 'ammodrop' hides global declaration
  homework 4.cpp(41): note: see declaration of 'ammodrop'
homework 4.cpp(1202): warning C4244: 'argument': conversion from 'FLOAT' to 'int', possible loss of data
homework 4.cpp(1276): warning C4244: 'argument': conversion from 'double' to 'FLOAT', possible loss of data
homework 4.cpp(1363): warning C4244: 'argument': conversion from 'double' to 'FLOAT', possible loss of data
homework 4.cpp(1367): warning C4244: 'argument': conversion from 'double' to 'FLOAT', possible loss of data
homework 4.cpp(1343): warning C4100: 'y': unreferenced formal parameter
homework 4.cpp(1343): warning C4100: 'x': unreferenced formal parameter
homework 4.cpp(1447): warning C4244: '+=': conversion from 'double' to 'float', possible loss of data
homework 4.cpp(1489): warning C4244: '=': conversion from 'double' to 'float', possible loss of data
homework 4.cpp(1557): warning C4189: 'offset': local variable is initialized but not referenced
homework 4.cpp(1556): warning C4189: 'stride': local variable is initialized but not referenced
homework 4.cpp(1606): warning C4244: 'initializing': conversion from 'long double' to 'long', possible loss of data
homework 4.cpp(1680): warning C4244: 'argument': conversion from 'int' to 'float', possible loss of data
homework 4.cpp(1683): warning C4244: 'argument': conversion from 'int' to 'float', possible loss of data
homework 4.cpp(1698): warning C4244: 'argument': conversion from 'int' to 'float', possible loss of data
homework 4.cpp(1701): warning C4244: 'argument': conversion from 'int' to 'float', possible loss of data
homework 4.cpp(1716): warning C4244: 'argument': conversion from 'int' to 'float', possible loss of data
homework 4.cpp(1719): warning C4244: 'argument': conversion from 'int' to 'float', possible loss of data
homework 4.cpp(1734): warning C4244: 'argument': conversion from 'int' to 'float', possible loss of data
homework 4.cpp(1737): warning C4244: 'argument': conversion from 'int' to 'float', possible loss of data
homework 4.cpp(1751): warning C4244: 'argument': conversion from 'int' to 'float', possible loss of data
homework 4.cpp(1754): warning C4244: 'argument': conversion from 'int' to 'float', possible loss of data
homework 4.cpp(1766): warning C4244: 'argument': conversion from 'long' to 'float', possible loss of data
homework 4.cpp(1768): warning C4244: 'argument': conversion from 'long' to 'float', possible loss of data
homework 4.cpp(1770): warning C4244: 'argument': conversion from 'long' to 'float', possible loss of data
homework 4.cpp(1772): warning C4244: 'argument': conversion from 'long' to 'float', possible loss of data
homework 4.cpp(1774): warning C4244: 'argument': conversion from 'long' to 'float', possible loss of data
homework 4.cpp(1776): warning C4244: 'argument': conversion from 'long' to 'float', possible loss of data
homework 4.cpp(1826): warning C4244: '=': conversion from 'FLOAT' to 'int', possible loss of data
homework 4.cpp(1827): warning C4244: '=': conversion from 'FLOAT' to 'int', possible loss of data
homework 4.cpp(1828): warning C4244: '=': conversion from 'FLOAT' to 'int', possible loss of data
homework 4.cpp(1835): warning C4244: 'argument': conversion from 'long' to 'float', possible loss of data
homework 4.cpp(1835): warning C4244: 'argument': conversion from 'FLOAT' to 'int', possible loss of data
homework 4.cpp(1837): warning C4244: 'argument': conversion from 'long' to 'float', possible loss of data
homework 4.cpp(1837): warning C4244: 'argument': conversion from 'FLOAT' to 'int', possible loss of data
homework 4.cpp(1839): warning C4244: 'argument': conversion from 'long' to 'float', possible loss of data
homework 4.cpp(1839): warning C4244: 'argument': conversion from 'FLOAT' to 'int', possible loss of data
homework 4.cpp(1841): warning C4244: 'argument': conversion from 'long' to 'float', possible loss of data
homework 4.cpp(1841): warning C4244: 'argument': conversion from 'FLOAT' to 'int', possible loss of data
homework 4.cpp(1843): warning C4244: 'argument': conversion from 'long' to 'float', possible loss of data
homework 4.cpp(1843): warning C4244: 'argument': conversion from 'FLOAT' to 'int', possible loss of data
homework 4.cpp(1845): warning C4244: 'argument': conversion from 'long' to 'float', possible loss of data
homework 4.cpp(1845): warning C4244: 'argument': conversion from 'FLOAT' to 'int', possible loss of data
homework 4.cpp(1852): warning C4244: 'argument': conversion from 'long' to 'float', possible loss of data
homework 4.cpp(1856): warning C4244: 'argument': conversion from 'int' to 'float', possible loss of data
homework 4.cpp(1863): warning C4244: 'argument': conversion from 'long' to 'float', possible loss of data
homework 4.cpp(1627): warning C4189: 'offset': local variable is initialized but not referenced
homework 4.cpp(1626): warning C4189: 'stride': local variable is initialized but not referenced
  load3ds.cpp
c:\program files (x86)\microsoft directx sdk (june 2010)\include\dxgitype.h(12): warning C4005: 'DXGI_STATUS_OCCLUDED': macro redefinition
  C:\Program Files (x86)\Windows Kits\10\Include\10.0.15063.0\shared\winerror.h(52946): note: see previous definition of 'DXGI_STATUS_OCCLUDED'
c:\program files (x86)\microsoft directx sdk (june 2010)\include\dxgitype.h(13): warning C4005: 'DXGI_STATUS_CLIPPED': macro redefinition
  C:\Program Files (x86)\Windows Kits\10\Include\10.0.15063.0\shared\winerror.h(52955): note: see previous definition of 'DXGI_STATUS_CLIPPED'
c:\program files (x86)\microsoft directx sdk (june 2010)\include\dxgitype.h(14): warning C4005: 'DXGI_STATUS_NO_REDIRECTION': macro redefinition
  C:\Program Files (x86)\Windows Kits\10\Include\10.0.15063.0\shared\winerror.h(52964): note: see previous definition of 'DXGI_STATUS_NO_REDIRECTION'
c:\program files (x86)\microsoft directx sdk (june 2010)\include\dxgitype.h(15): warning C4005: 'DXGI_STATUS_NO_DESKTOP_ACCESS': macro redefinition
  C:\Program Files (x86)\Windows Kits\10\Include\10.0.15063.0\shared\winerror.h(52973): note: see previous definition of 'DXGI_STATUS_NO_DESKTOP_ACCESS'
c:\program files (x86)\microsoft directx sdk (june 2010)\include\dxgitype.h(16): warning C4005: 'DXGI_STATUS_GRAPHICS_VIDPN_SOURCE_IN_USE': macro redefinition
  C:\Program Files (x86)\Windows Kits\10\Include\10.0.15063.0\shared\winerror.h(52982): note: see previous definition of 'DXGI_STATUS_GRAPHICS_VIDPN_SOURCE_IN_USE'
c:\program files (x86)\microsoft directx sdk (june 2010)\include\dxgitype.h(17): warning C4005: 'DXGI_STATUS_MODE_CHANGED': macro redefinition
  C:\Program Files (x86)\Windows Kits\10\Include\10.0.15063.0\shared\winerror.h(52991): note: see previous definition of 'DXGI_STATUS_MODE_CHANGED'
c:\program files (x86)\microsoft directx sdk (june 2010)\include\dxgitype.h(18): warning C4005: 'DXGI_STATUS_MODE_CHANGE_IN_PROGRESS': macro redefinition
  C:\Program Files (x86)\Windows Kits\10\Include\10.0.15063.0\shared\winerror.h(53000): note: see previous definition of 'DXGI_STATUS_MODE_CHANGE_IN_PROGRESS'
c:\program files (x86)\microsoft directx sdk (june 2010)\include\dxgitype.h(21): warning C4005: 'DXGI_ERROR_INVALID_CALL': macro redefinition
  C:\Program Files (x86)\Windows Kits\10\Include\10.0.15063.0\shared\winerror.h(53015): note: see previous definition of 'DXGI_ERROR_INVALID_CALL'
c:\program files (x86)\microsoft directx sdk (june 2010)\include\dxgitype.h(22): warning C4005: 'DXGI_ERROR_NOT_FOUND': macro redefinition
  C:\Program Files (x86)\Windows Kits\10\Include\10.0.15063.0\shared\winerror.h(53024): note: see previous definition of 'DXGI_ERROR_NOT_FOUND'
c:\program files (x86)\microsoft directx sdk (june 2010)\include\dxgitype.h(23): warning C4005: 'DXGI_ERROR_MORE_DATA': macro redefinition
  C:\Program Files (x86)\Windows Kits\10\Include\10.0.15063.0\shared\winerror.h(53033): note: see previous definition of 'DXGI_ERROR_MORE_DATA'
c:\program files (x86)\microsoft directx sdk (june 2010)\include\dxgitype.h(24): warning C4005: 'DXGI_ERROR_UNSUPPORTED': macro redefinition
  C:\Program Files (x86)\Windows Kits\10\Include\10.0.15063.0\shared\winerror.h(53042): note: see previous definition of 'DXGI_ERROR_UNSUPPORTED'
c:\program files (x86)\microsoft directx sdk (june 2010)\include\dxgitype.h(25): warning C4005: 'DXGI_ERROR_DEVICE_REMOVED': macro redefinition
  C:\Program Files (x86)\Windows Kits\10\Include\10.0.15063.0\shared\winerror.h(53051): note: see previous definition of 'DXGI_ERROR_DEVICE_REMOVED'
c:\program files (x86)\microsoft directx sdk (june 2010)\include\dxgitype.h(26): warning C4005: 'DXGI_ERROR_DEVICE_HUNG': macro redefinition
  C:\Program Files (x86)\Windows Kits\10\Include\10.0.15063.0\shared\winerror.h(53060): note: see previous definition of 'DXGI_ERROR_DEVICE_HUNG'
c:\program files (x86)\microsoft directx sdk (june 2010)\include\dxgitype.h(27): warning C4005: 'DXGI_ERROR_DEVICE_RESET': macro redefinition
  C:\Program Files (x86)\Windows Kits\10\Include\10.0.15063.0\shared\winerror.h(53070): note: see previous definition of 'DXGI_ERROR_DEVICE_RESET'
c:\program files (x86)\microsoft directx sdk (june 2010)\include\dxgitype.h(28): warning C4005: 'DXGI_ERROR_WAS_STILL_DRAWING': macro redefinition
  C:\Program Files (x86)\Windows Kits\10\Include\10.0.15063.0\shared\winerror.h(53079): note: see previous definition of 'DXGI_ERROR_WAS_STILL_DRAWING'
c:\program files (x86)\microsoft directx sdk (june 2010)\include\dxgitype.h(29): warning C4005: 'DXGI_ERROR_FRAME_STATISTICS_DISJOINT': macro redefinition
  C:\Program Files (x86)\Windows Kits\10\Include\10.0.15063.0\shared\winerror.h(53089): note: see previous definition of 'DXGI_ERROR_FRAME_STATISTICS_DISJOINT'
c:\program files (x86)\microsoft directx sdk (june 2010)\include\dxgitype.h(30): warning C4005: 'DXGI_ERROR_GRAPHICS_VIDPN_SOURCE_IN_USE': macro redefinition
  C:\Program Files (x86)\Windows Kits\10\Include\10.0.15063.0\shared\winerror.h(53098): note: see previous definition of 'DXGI_ERROR_GRAPHICS_VIDPN_SOURCE_IN_USE'
c:\program files (x86)\microsoft directx sdk (june 2010)\include\dxgitype.h(31): warning C4005: 'DXGI_ERROR_DRIVER_INTERNAL_ERROR': macro redefinition
  C:\Program Files (x86)\Windows Kits\10\Include\10.0.15063.0\shared\winerror.h(53108): note: see previous definition of 'DXGI_ERROR_DRIVER_INTERNAL_ERROR'
c:\program files (x86)\microsoft directx sdk (june 2010)\include\dxgitype.h(32): warning C4005: 'DXGI_ERROR_NONEXCLUSIVE': macro redefinition
  C:\Program Files (x86)\Windows Kits\10\Include\10.0.15063.0\shared\winerror.h(53117): note: see previous definition of 'DXGI_ERROR_NONEXCLUSIVE'
c:\program files (x86)\microsoft directx sdk (june 2010)\include\dxgitype.h(33): warning C4005: 'DXGI_ERROR_NOT_CURRENTLY_AVAILABLE': macro redefinition
  C:\Program Files (x86)\Windows Kits\10\Include\10.0.15063.0\shared\winerror.h(53126): note: see previous definition of 'DXGI_ERROR_NOT_CURRENTLY_AVAILABLE'
c:\program files (x86)\microsoft directx sdk (june 2010)\include\dxgitype.h(34): warning C4005: 'DXGI_ERROR_REMOTE_CLIENT_DISCONNECTED': macro redefinition
  C:\Program Files (x86)\Windows Kits\10\Include\10.0.15063.0\shared\winerror.h(53136): note: see previous definition of 'DXGI_ERROR_REMOTE_CLIENT_DISCONNECTED'
c:\program files (x86)\microsoft directx sdk (june 2010)\include\dxgitype.h(35): warning C4005: 'DXGI_ERROR_REMOTE_OUTOFMEMORY': macro redefinition
  C:\Program Files (x86)\Windows Kits\10\Include\10.0.15063.0\shared\winerror.h(53145): note: see previous definition of 'DXGI_ERROR_REMOTE_OUTOFMEMORY'
C:\Program Files (x86)\Microsoft DirectX SDK (June 2010)\Include\d3d11.h(917): warning C4005: 'D3D11_ERROR_TOO_MANY_UNIQUE_STATE_OBJECTS': macro redefinition
  C:\Program Files (x86)\Windows Kits\10\Include\10.0.15063.0\shared\winerror.h(53409): note: see previous definition of 'D3D11_ERROR_TOO_MANY_UNIQUE_STATE_OBJECTS'
C:\Program Files (x86)\Microsoft DirectX SDK (June 2010)\Include\d3d11.h(918): warning C4005: 'D3D11_ERROR_FILE_NOT_FOUND': macro redefinition
  C:\Program Files (x86)\Windows Kits\10\Include\10.0.15063.0\shared\winerror.h(53418): note: see previous definition of 'D3D11_ERROR_FILE_NOT_FOUND'
C:\Program Files (x86)\Microsoft DirectX SDK (June 2010)\Include\d3d11.h(919): warning C4005: 'D3D11_ERROR_TOO_MANY_UNIQUE_VIEW_OBJECTS': macro redefinition
  C:\Program Files (x86)\Windows Kits\10\Include\10.0.15063.0\shared\winerror.h(53428): note: see previous definition of 'D3D11_ERROR_TOO_MANY_UNIQUE_VIEW_OBJECTS'
C:\Program Files (x86)\Microsoft DirectX SDK (June 2010)\Include\d3d11.h(920): warning C4005: 'D3D11_ERROR_DEFERRED_CONTEXT_MAP_WITHOUT_INITIAL_DISCARD': macro redefinition
  C:\Program Files (x86)\Windows Kits\10\Include\10.0.15063.0\shared\winerror.h(53437): note: see previous definition of 'D3D11_ERROR_DEFERRED_CONTEXT_MAP_WITHOUT_INITIAL_DISCARD'
c:\program files (x86)\microsoft directx sdk (june 2010)\include\d3d10.h(608): warning C4005: 'D3D10_ERROR_TOO_MANY_UNIQUE_STATE_OBJECTS': macro redefinition
  C:\Program Files (x86)\Windows Kits\10\Include\10.0.15063.0\shared\winerror.h(53385): note: see previous definition of 'D3D10_ERROR_TOO_MANY_UNIQUE_STATE_OBJECTS'
c:\program files (x86)\microsoft directx sdk (june 2010)\include\d3d10.h(609): warning C4005: 'D3D10_ERROR_FILE_NOT_FOUND': macro redefinition
  C:\Program Files (x86)\Windows Kits\10\Include\10.0.15063.0\shared\winerror.h(53394): note: see previous definition of 'D3D10_ERROR_FILE_NOT_FOUND'
C:\Program Files (x86)\Microsoft DirectX SDK (June 2010)\Include\xnamath.h(2662): warning C4838: conversion from 'unsigned int' to 'INT' requires a narrowing conversion
C:\Program Files (x86)\Microsoft DirectX SDK (June 2010)\Include\xnamath.h(2663): warning C4838: conversion from 'unsigned int' to 'INT' requires a narrowing conversion
C:\Program Files (x86)\Microsoft DirectX SDK (June 2010)\Include\xnamath.h(2664): warning C4838: conversion from 'unsigned int' to 'INT' requires a narrowing conversion
C:\Program Files (x86)\Microsoft DirectX SDK (June 2010)\Include\xnamath.h(2665): warning C4838: conversion from 'unsigned int' to 'INT' requires a narrowing conversion
C:\Program Files (x86)\Microsoft DirectX SDK (June 2010)\Include\xnamath.h(2666): warning C4838: conversion from 'unsigned int' to 'INT' requires a narrowing conversion
C:\Program Files (x86)\Microsoft DirectX SDK (June 2010)\Include\xnamath.h(2667): warning C4838: conversion from 'unsigned int' to 'INT' requires a narrowing conversion
C:\Program Files (x86)\Microsoft DirectX SDK (June 2010)\Include\xnamath.h(2668): warning C4838: conversion from 'unsigned int' to 'INT' requires a narrowing conversion
C:\Program Files (x86)\Microsoft DirectX SDK (June 2010)\Include\xnamath.h(2689): warning C4838: conversion from 'unsigned int' to 'INT' requires a narrowing conversion
C:\Program Files (x86)\Microsoft DirectX SDK (June 2010)\Include\xnamath.h(2690): warning C4838: conversion from 'unsigned int' to 'INT' requires a narrowing conversion
C:\Program Files (x86)\Microsoft DirectX SDK (June 2010)\Include\xnamath.h(2691): warning C4838: conversion from 'unsigned int' to 'INT' requires a narrowing conversion
C:\Program Files (x86)\Microsoft DirectX SDK (June 2010)\Include\xnamath.h(2694): warning C4838: conversion from 'unsigned int' to 'INT' requires a narrowing conversion
C:\Program Files (x86)\Microsoft DirectX SDK (June 2010)\Include\xnamath.h(2695): warning C4838: conversion from 'unsigned int' to 'INT' requires a narrowing conversion
C:\Program Files (x86)\Microsoft DirectX SDK (June 2010)\Include\xnamath.h(2698): warning C4838: conversion from 'unsigned int' to 'INT' requires a narrowing conversion
C:\Program Files (x86)\Microsoft DirectX SDK (June 2010)\Include\xnamath.h(2702): warning C4838: conversion from 'unsigned int' to 'INT' requires a narrowing conversion
C:\Program Files (x86)\Microsoft DirectX SDK (June 2010)\Include\xnamath.h(2712): warning C4838: conversion from 'unsigned int' to 'INT' requires a narrowing conversion
C:\Program Files (x86)\Microsoft DirectX SDK (June 2010)\Include\xnamath.h(2713): warning C4838: conversion from 'unsigned int' to 'INT' requires a narrowing conversion
C:\Program Files (x86)\Microsoft DirectX SDK (June 2010)\Include\xnamath.h(2715): warning C4838: conversion from 'unsigned int' to 'INT' requires a narrowing conversion
C:\Program Files (x86)\Microsoft DirectX SDK (June 2010)\Include\xnamath.h(2716): warning C4838: conversion from 'unsigned int' to 'INT' requires a narrowing conversion
C:\Program Files (x86)\Microsoft DirectX SDK (June 2010)\Include\xnamath.h(2717): warning C4838: conversion from 'unsigned int' to 'INT' requires a narrowing conversion
C:\Program Files (x86)\Microsoft DirectX SDK (June 2010)\Include\xnamath.h(2727): warning C4838: conversion from 'unsigned int' to 'INT' requires a narrowing conversion
C:\Program Files (x86)\Microsoft DirectX SDK (June 2010)\Include\xnamath.h(2728): warning C4838: conversion from 'unsigned int' to 'INT' requires a narrowing conversion
C:\Program Files (x86)\Microsoft DirectX SDK (June 2010)\Include\xnamath.h(2729): warning C4838: conversion from 'unsigned int' to 'INT' requires a narrowing conversion
C:\Program Files (x86)\Microsoft DirectX SDK (June 2010)\Include\xnamath.h(2730): warning C4838: conversion from 'unsigned int' to 'INT' requires a narrowing conversion
C:\Program Files (x86)\Microsoft DirectX SDK (June 2010)\Include\xnamath.h(2731): warning C4838: conversion from 'unsigned int' to 'INT' requires a narrowing conversion
C:\Program Files (x86)\Microsoft DirectX SDK (June 2010)\Include\xnamath.h(2732): warning C4838: conversion from 'unsigned int' to 'INT' requires a narrowing conversion
C:\Program Files (x86)\Microsoft DirectX SDK (June 2010)\Include\xnamath.h(2742): warning C4838: conversion from 'unsigned int' to 'INT' requires a narrowing conversion
C:\Program Files (x86)\Microsoft DirectX SDK (June 2010)\Include\xnamath.h(2743): warning C4838: conversion from 'unsigned int' to 'INT' requires a narrowing conversion
C:\Program Files (x86)\Microsoft DirectX SDK (June 2010)\Include\xnamath.h(2754): warning C4838: conversion from 'unsigned int' to 'INT' requires a narrowing conversion
c:\program files (x86)\microsoft directx sdk (june 2010)\include\xnamathconvert.inl(2254): warning C4838: conversion from 'unsigned int' to 'INT' requires a narrowing conversion
c:\program files (x86)\microsoft directx sdk (june 2010)\include\xnamathconvert.inl(4523): warning C4838: conversion from 'unsigned int' to 'INT' requires a narrowing conversion
c:\program files (x86)\microsoft directx sdk (june 2010)\include\xnamathconvert.inl(4577): warning C4838: conversion from 'unsigned int' to 'INT' requires a narrowing conversion
c:\program files (x86)\microsoft directx sdk (june 2010)\include\xnamathconvert.inl(4639): warning C4838: conversion from 'unsigned int' to 'INT' requires a narrowing conversion
c:\program files (x86)\microsoft directx sdk (june 2010)\include\xnamathconvert.inl(4707): warning C4838: conversion from 'unsigned int' to 'INT' requires a narrowing conversion
c:\program files (x86)\microsoft directx sdk (june 2010)\include\xnamathconvert.inl(4770): warning C4838: conversion from 'unsigned int' to 'INT' requires a narrowing conversion
c:\program files (x86)\microsoft directx sdk (june 2010)\include\xnamathconvert.inl(4832): warning C4838: conversion from 'unsigned int' to 'INT' requires a narrowing conversion
c:\program files (x86)\microsoft directx sdk (june 2010)\include\xnamathmisc.inl(518): warning C4838: conversion from 'unsigned int' to 'INT' requires a narrowing conversion
c:\program files (x86)\microsoft directx sdk (june 2010)\include\xnamathmisc.inl(519): warning C4838: conversion from 'unsigned int' to 'INT' requires a narrowing conversion
c:\users\smofa\desktop\school\game design\new folder\fps-zombies\groundwork.h(64): warning C4552: '/': operator has no effect; expected operator with side-effect
c:\users\smofa\desktop\school\game design\new folder\fps-zombies\groundwork.h(238): warning C4244: 'argument': conversion from 'int' to 'FLOAT', possible loss of data
c:\users\smofa\desktop\school\game design\new folder\fps-zombies\groundwork.h(241): warning C4244: 'argument': conversion from 'int' to 'FLOAT', possible loss of data
c:\users\smofa\desktop\school\game design\new folder\fps-zombies\groundwork.h(243): warning C4244: 'argument': conversion from 'int' to 'FLOAT', possible loss of data
c:\users\smofa\desktop\school\game design\new folder\fps-zombies\groundwork.h(245): warning C4244: 'argument': conversion from 'int' to 'FLOAT', possible loss of data
c:\users\smofa\desktop\school\game design\new folder\fps-zombies\groundwork.h(247): warning C4244: 'argument': conversion from 'int' to 'FLOAT', possible loss of data
c:\users\smofa\desktop\school\game design\new folder\fps-zombies\groundwork.h(252): warning C4244: 'argument': conversion from 'int' to 'FLOAT', possible loss of data
c:\users\smofa\desktop\school\game design\new folder\fps-zombies\groundwork.h(257): warning C4244: 'argument': conversion from 'int' to 'FLOAT', possible loss of data
c:\users\smofa\desktop\school\game design\new folder\fps-zombies\groundwork.h(298): warning C4018: '>=': signed/unsigned mismatch
c:\users\smofa\desktop\school\game design\new folder\fps-zombies\groundwork.h(404): warning C4018: '<': signed/unsigned mismatch
c:\users\smofa\desktop\school\game design\new folder\fps-zombies\groundwork.h(409): warning C4239: nonstandard extension used: 'argument': conversion from '_XMMATRIX' to 'XMMATRIX &'
  c:\users\smofa\desktop\school\game design\new folder\fps-zombies\groundwork.h(409): note: A non-const reference may only be bound to an lvalue
c:\users\smofa\desktop\school\game design\new folder\fps-zombies\groundwork.h(403): warning C4189: 'oo': local variable is initialized but not referenced
c:\users\smofa\desktop\school\game design\new folder\fps-zombies\groundwork.h(443): warning C4244: '=': conversion from 'int' to 'float', possible loss of data
c:\users\smofa\desktop\school\game design\new folder\fps-zombies\groundwork.h(535): warning C4458: declaration of 'x' hides class member
  c:\users\smofa\desktop\school\game design\new folder\fps-zombies\groundwork.h(431): note: see declaration of 'billboard::x'
c:\users\smofa\desktop\school\game design\new folder\fps-zombies\groundwork.h(536): warning C4458: declaration of 'z' hides class member
  c:\users\smofa\desktop\school\game design\new folder\fps-zombies\groundwork.h(431): note: see declaration of 'billboard::z'
c:\users\smofa\desktop\school\game design\new folder\fps-zombies\groundwork.h(538): warning C4244: '=': conversion from 'double' to 'float', possible loss of data
c:\users\smofa\desktop\school\game design\new folder\fps-zombies\groundwork.h(539): warning C4244: '=': conversion from 'double' to 'float', possible loss of data
c:\users\smofa\desktop\school\game design\new folder\fps-zombies\groundwork.h(545): warning C4244: '=': conversion from 'double' to 'float', possible loss of data
c:\users\smofa\desktop\school\game design\new folder\fps-zombies\groundwork.h(546): warning C4244: '=': conversion from 'double' to 'float', possible loss of data
c:\users\smofa\desktop\school\game design\new folder\fps-zombies\groundwork.h(550): warning C4244: '=': conversion from 'double' to 'float', possible loss of data
c:\users\smofa\desktop\school\game design\new folder\fps-zombies\groundwork.h(551): warning C4244: '=': conversion from 'double' to 'float', possible loss of data
c:\users\smofa\desktop\school\game design\new folder\fps-zombies\groundwork.h(555): warning C4244: '=': conversion from 'double' to 'float', possible loss of data
c:\users\smofa\desktop\school\game design\new folder\fps-zombies\groundwork.h(556): warning C4244: '=': conversion from 'double' to 'float', possible loss of data
c:\users\smofa\desktop\school\game design\new folder\fps-zombies\groundwork.h(470): warning C4100: 'elapsed_microseconds': unreferenced formal parameter
c:\users\smofa\desktop\school\game design\new folder\fps-zombies\groundwork.h(470): warning C4100: 'py': unreferenced formal parameter
c:\users\smofa\desktop\school\game design\new folder\fps-zombies\groundwork.h(570): warning C4100: 'dy': unreferenced formal parameter
c:\users\smofa\desktop\school\game design\new folder\fps-zombies\groundwork.h(570): warning C4100: 'py': unreferenced formal parameter
c:\users\smofa\desktop\school\game design\new folder\fps-zombies\groundwork.h(645): warning C4244: 'initializing': conversion from 'double' to 'float', possible loss of data
c:\users\smofa\desktop\school\game design\new folder\fps-zombies\groundwork.h(653): warning C4244: '=': conversion from 'double' to 'float', possible loss of data
c:\users\smofa\desktop\school\game design\new folder\fps-zombies\groundwork.h(654): warning C4244: '=': conversion from 'double' to 'float', possible loss of data
c:\users\smofa\desktop\school\game design\new folder\fps-zombies\groundwork.h(727): warning C4244: '=': conversion from 'double' to 'float', possible loss of data
c:\users\smofa\desktop\school\game design\new folder\fps-zombies\groundwork.h(728): warning C4244: '=': conversion from 'double' to 'float', possible loss of data
c:\users\smofa\desktop\school\game design\new folder\fps-zombies\groundwork.h(734): warning C4244: '=': conversion from 'double' to 'float', possible loss of data
c:\users\smofa\desktop\school\game design\new folder\fps-zombies\groundwork.h(735): warning C4244: '=': conversion from 'double' to 'float', possible loss of data
c:\users\smofa\desktop\school\game design\new folder\fps-zombies\groundwork.h(739): warning C4244: '=': conversion from 'double' to 'float', possible loss of data
c:\users\smofa\desktop\school\game design\new folder\fps-zombies\groundwork.h(740): warning C4244: '=': conversion from 'double' to 'float', possible loss of data
c:\users\smofa\desktop\school\game design\new folder\fps-zombies\groundwork.h(744): warning C4244: '=': conversion from 'double' to 'float', possible loss of data
c:\users\smofa\desktop\school\game design\new folder\fps-zombies\groundwork.h(745): warning C4244: '=': conversion from 'double' to 'float', possible loss of data
c:\users\smofa\desktop\school\game design\new folder\fps-zombies\groundwork.h(782): warning C4244: '=': conversion from 'double' to 'FLOAT', possible loss of data
c:\users\smofa\desktop\school\game design\new folder\fps-zombies\groundwork.h(783): warning C4244: '=': conversion from 'double' to 'FLOAT', possible loss of data
c:\users\smofa\desktop\school\game design\new folder\fps-zombies\groundwork.h(784): warning C4244: '=': conversion from 'double' to 'FLOAT', possible loss of data
load3ds.cpp(152): warning C4456: declaration of 'i' hides previous local declaration
  load3ds.cpp(38): note: see declaration of 'i'
load3ds.cpp(249): warning C4018: '<': signed/unsigned mismatch
load3ds.cpp(255): warning C4018: '<': signed/unsigned mismatch
load3ds.cpp(39): warning C4996: 'fopen': This function or variable may be unsafe. Consider using fopen_s instead. To disable deprecation, use _CRT_SECURE_NO_WARNINGS. See online help for details.
  C:\Program Files (x86)\Windows Kits\10\Include\10.0.15063.0\ucrt\stdio.h(207): note: see declaration of 'fopen'
load3ds.cpp(54): warning C4996: 'filelength': The POSIX name for this item is deprecated. Instead, use the ISO C and C++ conformant name: _filelength. See online help for details.
  C:\Program Files (x86)\Windows Kits\10\Include\10.0.15063.0\ucrt\corecrt_io.h(486): note: see declaration of 'filelength'
load3ds.cpp(96): warning C4996: 'fscanf': This function or variable may be unsafe. Consider using fscanf_s instead. To disable deprecation, use _CRT_SECURE_NO_WARNINGS. See online help for details.
  C:\Program Files (x86)\Windows Kits\10\Include\10.0.15063.0\ucrt\stdio.h(1195): note: see declaration of 'fscanf'
load3ds.cpp(106): warning C4189: 'z': local variable is initialized but not referenced
load3ds.cpp(451): warning C4456: declaration of 'i' hides previous local declaration
  load3ds.cpp(444): note: see declaration of 'i'
load3ds.cpp(444): warning C4101: 'i': unreferenced local variable
load3ds.cpp(358): warning C4189: 'pVertexBuffer': local variable is initialized but not referenced
  sound.cpp
c:\program files (x86)\microsoft directx sdk (june 2010)\include\dxgitype.h(12): warning C4005: 'DXGI_STATUS_OCCLUDED': macro redefinition
  C:\Program Files (x86)\Windows Kits\10\Include\10.0.15063.0\shared\winerror.h(52946): note: see previous definition of 'DXGI_STATUS_OCCLUDED'
c:\program files (x86)\microsoft directx sdk (june 2010)\include\dxgitype.h(13): warning C4005: 'DXGI_STATUS_CLIPPED': macro redefinition
  C:\Program Files (x86)\Windows Kits\10\Include\10.0.15063.0\shared\winerror.h(52955): note: see previous definition of 'DXGI_STATUS_CLIPPED'
c:\program files (x86)\microsoft directx sdk (june 2010)\include\dxgitype.h(14): warning C4005: 'DXGI_STATUS_NO_REDIRECTION': macro redefinition
  C:\Program Files (x86)\Windows Kits\10\Include\10.0.15063.0\shared\winerror.h(52964): note: see previous definition of 'DXGI_STATUS_NO_REDIRECTION'
c:\program files (x86)\microsoft directx sdk (june 2010)\include\dxgitype.h(15): warning C4005: 'DXGI_STATUS_NO_DESKTOP_ACCESS': macro redefinition
  C:\Program Files (x86)\Windows Kits\10\Include\10.0.15063.0\shared\winerror.h(52973): note: see previous definition of 'DXGI_STATUS_NO_DESKTOP_ACCESS'
c:\program files (x86)\microsoft directx sdk (june 2010)\include\dxgitype.h(16): warning C4005: 'DXGI_STATUS_GRAPHICS_VIDPN_SOURCE_IN_USE': macro redefinition
  C:\Program Files (x86)\Windows Kits\10\Include\10.0.15063.0\shared\winerror.h(52982): note: see previous definition of 'DXGI_STATUS_GRAPHICS_VIDPN_SOURCE_IN_USE'
c:\program files (x86)\microsoft directx sdk (june 2010)\include\dxgitype.h(17): warning C4005: 'DXGI_STATUS_MODE_CHANGED': macro redefinition
  C:\Program Files (x86)\Windows Kits\10\Include\10.0.15063.0\shared\winerror.h(52991): note: see previous definition of 'DXGI_STATUS_MODE_CHANGED'
c:\program files (x86)\microsoft directx sdk (june 2010)\include\dxgitype.h(18): warning C4005: 'DXGI_STATUS_MODE_CHANGE_IN_PROGRESS': macro redefinition
  C:\Program Files (x86)\Windows Kits\10\Include\10.0.15063.0\shared\winerror.h(53000): note: see previous definition of 'DXGI_STATUS_MODE_CHANGE_IN_PROGRESS'
c:\program files (x86)\microsoft directx sdk (june 2010)\include\dxgitype.h(21): warning C4005: 'DXGI_ERROR_INVALID_CALL': macro redefinition
  C:\Program Files (x86)\Windows Kits\10\Include\10.0.15063.0\shared\winerror.h(53015): note: see previous definition of 'DXGI_ERROR_INVALID_CALL'
c:\program files (x86)\microsoft directx sdk (june 2010)\include\dxgitype.h(22): warning C4005: 'DXGI_ERROR_NOT_FOUND': macro redefinition
  C:\Program Files (x86)\Windows Kits\10\Include\10.0.15063.0\shared\winerror.h(53024): note: see previous definition of 'DXGI_ERROR_NOT_FOUND'
c:\program files (x86)\microsoft directx sdk (june 2010)\include\dxgitype.h(23): warning C4005: 'DXGI_ERROR_MORE_DATA': macro redefinition
  C:\Program Files (x86)\Windows Kits\10\Include\10.0.15063.0\shared\winerror.h(53033): note: see previous definition of 'DXGI_ERROR_MORE_DATA'
c:\program files (x86)\microsoft directx sdk (june 2010)\include\dxgitype.h(24): warning C4005: 'DXGI_ERROR_UNSUPPORTED': macro redefinition
  C:\Program Files (x86)\Windows Kits\10\Include\10.0.15063.0\shared\winerror.h(53042): note: see previous definition of 'DXGI_ERROR_UNSUPPORTED'
c:\program files (x86)\microsoft directx sdk (june 2010)\include\dxgitype.h(25): warning C4005: 'DXGI_ERROR_DEVICE_REMOVED': macro redefinition
  C:\Program Files (x86)\Windows Kits\10\Include\10.0.15063.0\shared\winerror.h(53051): note: see previous definition of 'DXGI_ERROR_DEVICE_REMOVED'
c:\program files (x86)\microsoft directx sdk (june 2010)\include\dxgitype.h(26): warning C4005: 'DXGI_ERROR_DEVICE_HUNG': macro redefinition
  C:\Program Files (x86)\Windows Kits\10\Include\10.0.15063.0\shared\winerror.h(53060): note: see previous definition of 'DXGI_ERROR_DEVICE_HUNG'
c:\program files (x86)\microsoft directx sdk (june 2010)\include\dxgitype.h(27): warning C4005: 'DXGI_ERROR_DEVICE_RESET': macro redefinition
  C:\Program Files (x86)\Windows Kits\10\Include\10.0.15063.0\shared\winerror.h(53070): note: see previous definition of 'DXGI_ERROR_DEVICE_RESET'
c:\program files (x86)\microsoft directx sdk (june 2010)\include\dxgitype.h(28): warning C4005: 'DXGI_ERROR_WAS_STILL_DRAWING': macro redefinition
  C:\Program Files (x86)\Windows Kits\10\Include\10.0.15063.0\shared\winerror.h(53079): note: see previous definition of 'DXGI_ERROR_WAS_STILL_DRAWING'
c:\program files (x86)\microsoft directx sdk (june 2010)\include\dxgitype.h(29): warning C4005: 'DXGI_ERROR_FRAME_STATISTICS_DISJOINT': macro redefinition
  C:\Program Files (x86)\Windows Kits\10\Include\10.0.15063.0\shared\winerror.h(53089): note: see previous definition of 'DXGI_ERROR_FRAME_STATISTICS_DISJOINT'
c:\program files (x86)\microsoft directx sdk (june 2010)\include\dxgitype.h(30): warning C4005: 'DXGI_ERROR_GRAPHICS_VIDPN_SOURCE_IN_USE': macro redefinition
  C:\Program Files (x86)\Windows Kits\10\Include\10.0.15063.0\shared\winerror.h(53098): note: see previous definition of 'DXGI_ERROR_GRAPHICS_VIDPN_SOURCE_IN_USE'
c:\program files (x86)\microsoft directx sdk (june 2010)\include\dxgitype.h(31): warning C4005: 'DXGI_ERROR_DRIVER_INTERNAL_ERROR': macro redefinition
  C:\Program Files (x86)\Windows Kits\10\Include\10.0.15063.0\shared\winerror.h(53108): note: see previous definition of 'DXGI_ERROR_DRIVER_INTERNAL_ERROR'
c:\program files (x86)\microsoft directx sdk (june 2010)\include\dxgitype.h(32): warning C4005: 'DXGI_ERROR_NONEXCLUSIVE': macro redefinition
  C:\Program Files (x86)\Windows Kits\10\Include\10.0.15063.0\shared\winerror.h(53117): note: see previous definition of 'DXGI_ERROR_NONEXCLUSIVE'
c:\program files (x86)\microsoft directx sdk (june 2010)\include\dxgitype.h(33): warning C4005: 'DXGI_ERROR_NOT_CURRENTLY_AVAILABLE': macro redefinition
  C:\Program Files (x86)\Windows Kits\10\Include\10.0.15063.0\shared\winerror.h(53126): note: see previous definition of 'DXGI_ERROR_NOT_CURRENTLY_AVAILABLE'
c:\program files (x86)\microsoft directx sdk (june 2010)\include\dxgitype.h(34): warning C4005: 'DXGI_ERROR_REMOTE_CLIENT_DISCONNECTED': macro redefinition
  C:\Program Files (x86)\Windows Kits\10\Include\10.0.15063.0\shared\winerror.h(53136): note: see previous definition of 'DXGI_ERROR_REMOTE_CLIENT_DISCONNECTED'
c:\program files (x86)\microsoft directx sdk (june 2010)\include\dxgitype.h(35): warning C4005: 'DXGI_ERROR_REMOTE_OUTOFMEMORY': macro redefinition
  C:\Program Files (x86)\Windows Kits\10\Include\10.0.15063.0\shared\winerror.h(53145): note: see previous definition of 'DXGI_ERROR_REMOTE_OUTOFMEMORY'
C:\Program Files (x86)\Microsoft DirectX SDK (June 2010)\Include\d3d11.h(917): warning C4005: 'D3D11_ERROR_TOO_MANY_UNIQUE_STATE_OBJECTS': macro redefinition
  C:\Program Files (x86)\Windows Kits\10\Include\10.0.15063.0\shared\winerror.h(53409): note: see previous definition of 'D3D11_ERROR_TOO_MANY_UNIQUE_STATE_OBJECTS'
C:\Program Files (x86)\Microsoft DirectX SDK (June 2010)\Include\d3d11.h(918): warning C4005: 'D3D11_ERROR_FILE_NOT_FOUND': macro redefinition
  C:\Program Files (x86)\Windows Kits\10\Include\10.0.15063.0\shared\winerror.h(53418): note: see previous definition of 'D3D11_ERROR_FILE_NOT_FOUND'
C:\Program Files (x86)\Microsoft DirectX SDK (June 2010)\Include\d3d11.h(919): warning C4005: 'D3D11_ERROR_TOO_MANY_UNIQUE_VIEW_OBJECTS': macro redefinition
  C:\Program Files (x86)\Windows Kits\10\Include\10.0.15063.0\shared\winerror.h(53428): note: see previous definition of 'D3D11_ERROR_TOO_MANY_UNIQUE_VIEW_OBJECTS'
C:\Program Files (x86)\Microsoft DirectX SDK (June 2010)\Include\d3d11.h(920): warning C4005: 'D3D11_ERROR_DEFERRED_CONTEXT_MAP_WITHOUT_INITIAL_DISCARD': macro redefinition
  C:\Program Files (x86)\Windows Kits\10\Include\10.0.15063.0\shared\winerror.h(53437): note: see previous definition of 'D3D11_ERROR_DEFERRED_CONTEXT_MAP_WITHOUT_INITIAL_DISCARD'
c:\program files (x86)\microsoft directx sdk (june 2010)\include\d3d10.h(608): warning C4005: 'D3D10_ERROR_TOO_MANY_UNIQUE_STATE_OBJECTS': macro redefinition
  C:\Program Files (x86)\Windows Kits\10\Include\10.0.15063.0\shared\winerror.h(53385): note: see previous definition of 'D3D10_ERROR_TOO_MANY_UNIQUE_STATE_OBJECTS'
c:\program files (x86)\microsoft directx sdk (june 2010)\include\d3d10.h(609): warning C4005: 'D3D10_ERROR_FILE_NOT_FOUND': macro redefinition
  C:\Program Files (x86)\Windows Kits\10\Include\10.0.15063.0\shared\winerror.h(53394): note: see previous definition of 'D3D10_ERROR_FILE_NOT_FOUND'
C:\Program Files (x86)\Microsoft DirectX SDK (June 2010)\Include\xnamath.h(2662): warning C4838: conversion from 'unsigned int' to 'INT' requires a narrowing conversion
C:\Program Files (x86)\Microsoft DirectX SDK (June 2010)\Include\xnamath.h(2663): warning C4838: conversion from 'unsigned int' to 'INT' requires a narrowing conversion
C:\Program Files (x86)\Microsoft DirectX SDK (June 2010)\Include\xnamath.h(2664): warning C4838: conversion from 'unsigned int' to 'INT' requires a narrowing conversion
C:\Program Files (x86)\Microsoft DirectX SDK (June 2010)\Include\xnamath.h(2665): warning C4838: conversion from 'unsigned int' to 'INT' requires a narrowing conversion
C:\Program Files (x86)\Microsoft DirectX SDK (June 2010)\Include\xnamath.h(2666): warning C4838: conversion from 'unsigned int' to 'INT' requires a narrowing conversion
C:\Program Files (x86)\Microsoft DirectX SDK (June 2010)\Include\xnamath.h(2667): warning C4838: conversion from 'unsigned int' to 'INT' requires a narrowing conversion
C:\Program Files (x86)\Microsoft DirectX SDK (June 2010)\Include\xnamath.h(2668): warning C4838: conversion from 'unsigned int' to 'INT' requires a narrowing conversion
C:\Program Files (x86)\Microsoft DirectX SDK (June 2010)\Include\xnamath.h(2689): warning C4838: conversion from 'unsigned int' to 'INT' requires a narrowing conversion
C:\Program Files (x86)\Microsoft DirectX SDK (June 2010)\Include\xnamath.h(2690): warning C4838: conversion from 'unsigned int' to 'INT' requires a narrowing conversion
C:\Program Files (x86)\Microsoft DirectX SDK (June 2010)\Include\xnamath.h(2691): warning C4838: conversion from 'unsigned int' to 'INT' requires a narrowing conversion
C:\Program Files (x86)\Microsoft DirectX SDK (June 2010)\Include\xnamath.h(2694): warning C4838: conversion from 'unsigned int' to 'INT' requires a narrowing conversion
C:\Program Files (x86)\Microsoft DirectX SDK (June 2010)\Include\xnamath.h(2695): warning C4838: conversion from 'unsigned int' to 'INT' requires a narrowing conversion
C:\Program Files (x86)\Microsoft DirectX SDK (June 2010)\Include\xnamath.h(2698): warning C4838: conversion from 'unsigned int' to 'INT' requires a narrowing conversion
C:\Program Files (x86)\Microsoft DirectX SDK (June 2010)\Include\xnamath.h(2702): warning C4838: conversion from 'unsigned int' to 'INT' requires a narrowing conversion
C:\Program Files (x86)\Microsoft DirectX SDK (June 2010)\Include\xnamath.h(2712): warning C4838: conversion from 'unsigned int' to 'INT' requires a narrowing conversion
C:\Program Files (x86)\Microsoft DirectX SDK (June 2010)\Include\xnamath.h(2713): warning C4838: conversion from 'unsigned int' to 'INT' requires a narrowing conversion
C:\Program Files (x86)\Microsoft DirectX SDK (June 2010)\Include\xnamath.h(2715): warning C4838: conversion from 'unsigned int' to 'INT' requires a narrowing conversion
C:\Program Files (x86)\Microsoft DirectX SDK (June 2010)\Include\xnamath.h(2716): warning C4838: conversion from 'unsigned int' to 'INT' requires a narrowing conversion
C:\Program Files (x86)\Microsoft DirectX SDK (June 2010)\Include\xnamath.h(2717): warning C4838: conversion from 'unsigned int' to 'INT' requires a narrowing conversion
C:\Program Files (x86)\Microsoft DirectX SDK (June 2010)\Include\xnamath.h(2727): warning C4838: conversion from 'unsigned int' to 'INT' requires a narrowing conversion
C:\Program Files (x86)\Microsoft DirectX SDK (June 2010)\Include\xnamath.h(2728): warning C4838: conversion from 'unsigned int' to 'INT' requires a narrowing conversion
C:\Program Files (x86)\Microsoft DirectX SDK (June 2010)\Include\xnamath.h(2729): warning C4838: conversion from 'unsigned int' to 'INT' requires a narrowing conversion
C:\Program Files (x86)\Microsoft DirectX SDK (June 2010)\Include\xnamath.h(2730): warning C4838: conversion from 'unsigned int' to 'INT' requires a narrowing conversion
C:\Program Files (x86)\Microsoft DirectX SDK (June 2010)\Include\xnamath.h(2731): warning C4838: conversion from 'unsigned int' to 'INT' requires a narrowing conversion
C:\Program Files (x86)\Microsoft DirectX SDK (June 2010)\Include\xnamath.h(2732): warning C4838: conversion from 'unsigned int' to 'INT' requires a narrowing conversion
C:\Program Files (x86)\Microsoft DirectX SDK (June 2010)\Include\xnamath.h(2742): warning C4838: conversion from 'unsigned int' to 'INT' requires a narrowing conversion
C:\Program Files (x86)\Microsoft DirectX SDK (June 2010)\Include\xnamath.h(2743): warning C4838: conversion from 'unsigned int' to 'INT' requires a narrowing conversion
C:\Program Files (x86)\Microsoft DirectX SDK (June 2010)\Include\xnamath.h(2754): warning C4838: conversion from 'unsigned int' to 'INT' requires a narrowing conversion
c:\program files (x86)\microsoft directx sdk (june 2010)\include\xnamathconvert.inl(2254): warning C4838: conversion from 'unsigned int' to 'INT' requires a narrowing conversion
c:\program files (x86)\microsoft directx sdk (june 2010)\include\xnamathconvert.inl(4523): warning C4838: conversion from 'unsigned int' to 'INT' requires a narrowing conversion
c:\program files (x86)\microsoft directx sdk (june 2010)\include\xnamathconvert.inl(4577): warning C4838: conversion from 'unsigned int' to 'INT' requires a narrowing conversion
c:\program files (x86)\microsoft directx sdk (june 2010)\include\xnamathconvert.inl(4639): warning C4838: conversion from 'unsigned int' to 'INT' requires a narrowing conversion
c:\program files (x86)\microsoft directx sdk (june 2010)\include\xnamathconvert.inl(4707): warning C4838: conversion from 'unsigned int' to 'INT' requires a narrowing conversion
c:\program files (x86)\microsoft directx sdk (june 2010)\include\xnamathconvert.inl(4770): warning C4838: conversion from 'unsigned int' to 'INT' requires a narrowing conversion
c:\program files (x86)\microsoft directx sdk (june 2010)\include\xnamathconvert.inl(4832): warning C4838: conversion from 'unsigned int' to 'INT' requires a narrowing conversion
c:\program files (x86)\microsoft directx sdk (june 2010)\include\xnamathmisc.inl(518): warning C4838: conversion from 'unsigned int' to 'INT' requires a narrowing conversion
c:\program files (x86)\microsoft directx sdk (june 2010)\include\xnamathmisc.inl(519): warning C4838: conversion from 'unsigned int' to 'INT' requires a narrowing conversion
c:\users\smofa\desktop\school\game design\new folder\fps-zombies\groundwork.h(64): warning C4552: '/': operator has no effect; expected operator with side-effect
c:\users\smofa\desktop\school\game design\new folder\fps-zombies\groundwork.h(238): warning C4244: 'argument': conversion from 'int' to 'FLOAT', possible loss of data
c:\users\smofa\desktop\school\game design\new folder\fps-zombies\groundwork.h(241): warning C4244: 'argument': conversion from 'int' to 'FLOAT', possible loss of data
c:\users\smofa\desktop\school\game design\new folder\fps-zombies\groundwork.h(243): warning C4244: 'argument': conversion from 'int' to 'FLOAT', possible loss of data
c:\users\smofa\desktop\school\game design\new folder\fps-zombies\groundwork.h(245): warning C4244: 'argument': conversion from 'int' to 'FLOAT', possible loss of data
c:\users\smofa\desktop\school\game design\new folder\fps-zombies\groundwork.h(247): warning C4244: 'argument': conversion from 'int' to 'FLOAT', possible loss of data
c:\users\smofa\desktop\school\game design\new folder\fps-zombies\groundwork.h(252): warning C4244: 'argument': conversion from 'int' to 'FLOAT', possible loss of data
c:\users\smofa\desktop\school\game design\new folder\fps-zombies\groundwork.h(257): warning C4244: 'argument': conversion from 'int' to 'FLOAT', possible loss of data
c:\users\smofa\desktop\school\game design\new folder\fps-zombies\groundwork.h(298): warning C4018: '>=': signed/unsigned mismatch
c:\users\smofa\desktop\school\game design\new folder\fps-zombies\groundwork.h(404): warning C4018: '<': signed/unsigned mismatch
c:\users\smofa\desktop\school\game design\new folder\fps-zombies\groundwork.h(409): warning C4239: nonstandard extension used: 'argument': conversion from '_XMMATRIX' to 'XMMATRIX &'
  c:\users\smofa\desktop\school\game design\new folder\fps-zombies\groundwork.h(409): note: A non-const reference may only be bound to an lvalue
c:\users\smofa\desktop\school\game design\new folder\fps-zombies\groundwork.h(403): warning C4189: 'oo': local variable is initialized but not referenced
c:\users\smofa\desktop\school\game design\new folder\fps-zombies\groundwork.h(443): warning C4244: '=': conversion from 'int' to 'float', possible loss of data
c:\users\smofa\desktop\school\game design\new folder\fps-zombies\groundwork.h(535): warning C4458: declaration of 'x' hides class member
  c:\users\smofa\desktop\school\game design\new folder\fps-zombies\groundwork.h(431): note: see declaration of 'billboard::x'
c:\users\smofa\desktop\school\game design\new folder\fps-zombies\groundwork.h(536): warning C4458: declaration of 'z' hides class member
  c:\users\smofa\desktop\school\game design\new folder\fps-zombies\groundwork.h(431): note: see declaration of 'billboard::z'
c:\users\smofa\desktop\school\game design\new folder\fps-zombies\groundwork.h(538): warning C4244: '=': conversion from 'double' to 'float', possible loss of data
c:\users\smofa\desktop\school\game design\new folder\fps-zombies\groundwork.h(539): warning C4244: '=': conversion from 'double' to 'float', possible loss of data
c:\users\smofa\desktop\school\game design\new folder\fps-zombies\groundwork.h(545): warning C4244: '=': conversion from 'double' to 'float', possible loss of data
c:\users\smofa\desktop\school\game design\new folder\fps-zombies\groundwork.h(546): warning C4244: '=': conversion from 'double' to 'float', possible loss of data
c:\users\smofa\desktop\school\game design\new folder\fps-zombies\groundwork.h(550): warning C4244: '=': conversion from 'double' to 'float', possible loss of data
c:\users\smofa\desktop\school\game design\new folder\fps-zombies\groundwork.h(551): warning C4244: '=': conversion from 'double' to 'float', possible loss of data
c:\users\smofa\desktop\school\game design\new folder\fps-zombies\groundwork.h(555): warning C4244: '=': conversion from 'double' to 'float', possible loss of data
c:\users\smofa\desktop\school\game design\new folder\fps-zombies\groundwork.h(556): warning C4244: '=': conversion from 'double' to 'float', possible loss of data
c:\users\smofa\desktop\school\game design\new folder\fps-zombies\groundwork.h(470): warning C4100: 'elapsed_microseconds': unreferenced formal parameter
c:\users\smofa\desktop\school\game design\new folder\fps-zombies\groundwork.h(470): warning C4100: 'py': unreferenced formal parameter
c:\users\smofa\desktop\school\game design\new folder\fps-zombies\groundwork.h(570): warning C4100: 'dy': unreferenced formal parameter
c:\users\smofa\desktop\school\game design\new folder\fps-zombies\groundwork.h(570): warning C4100: 'py': unreferenced formal parameter
c:\users\smofa\desktop\school\game design\new folder\fps-zombies\groundwork.h(645): warning C4244: 'initializing': conversion from 'double' to 'float', possible loss of data
c:\users\smofa\desktop\school\game design\new folder\fps-zombies\groundwork.h(653): warning C4244: '=': conversion from 'double' to 'float', possible loss of data
c:\users\smofa\desktop\school\game design\new folder\fps-zombies\groundwork.h(654): warning C4244: '=': conversion from 'double' to 'float', possible loss of data
c:\users\smofa\desktop\school\game design\new folder\fps-zombies\groundwork.h(727): warning C4244: '=': conversion from 'double' to 'float', possible loss of data
c:\users\smofa\desktop\school\game design\new folder\fps-zombies\groundwork.h(728): warning C4244: '=': conversion from 'double' to 'float', possible loss of data
c:\users\smofa\desktop\school\game design\new folder\fps-zombies\groundwork.h(734): warning C4244: '=': conversion from 'double' to 'float', possible loss of data
c:\users\smofa\desktop\school\game design\new folder\fps-zombies\groundwork.h(735): warning C4244: '=': conversion from 'double' to 'float', possible loss of data
c:\users\smofa\desktop\school\game design\new folder\fps-zombies\groundwork.h(739): warning C4244: '=': conversion from 'double' to 'float', possible loss of data
c:\users\smofa\desktop\school\game design\new folder\fps-zombies\groundwork.h(740): warning C4244: '=': conversion from 'double' to 'float', possible loss of data
c:\users\smofa\desktop\school\game design\new folder\fps-zombies\groundwork.h(744): warning C4244: '=': conversion from 'double' to 'float', possible loss of data
c:\users\smofa\desktop\school\game design\new folder\fps-zombies\groundwork.h(745): warning C4244: '=': conversion from 'double' to 'float', possible loss of data
c:\users\smofa\desktop\school\game design\new folder\fps-zombies\groundwork.h(782): warning C4244: '=': conversion from 'double' to 'FLOAT', possible loss of data
c:\users\smofa\desktop\school\game design\new folder\fps-zombies\groundwork.h(783): warning C4244: '=': conversion from 'double' to 'FLOAT', possible loss of data
c:\users\smofa\desktop\school\game design\new folder\fps-zombies\groundwork.h(784): warning C4244: '=': conversion from 'double' to 'FLOAT', possible loss of data
c:\users\smofa\desktop\school\game design\new folder\fps-zombies\sound.h(104): warning C4244: '=': conversion from 'double' to 'float', possible loss of data
c:\users\smofa\desktop\school\game design\new folder\fps-zombies\sound.h(109): warning C4244: 'argument': conversion from 'float' to 'int', possible loss of data
c:\users\smofa\desktop\school\game design\new folder\fps-zombies\sound.h(122): warning C4244: 'argument': conversion from 'float' to 'int', possible loss of data
c:\users\smofa\desktop\school\game design\new folder\fps-zombies\sound.h(158): warning C4996: 'wcscpy': This function or variable may be unsafe. Consider using wcscpy_s instead. To disable deprecation, use _CRT_SECURE_NO_WARNINGS. See online help for details.
  C:\Program Files (x86)\Windows Kits\10\Include\10.0.15063.0\ucrt\corecrt_wstring.h(123): note: see declaration of 'wcscpy'
c:\users\smofa\desktop\school\game design\new folder\fps-zombies\sound.h(176): warning C4996: 'wcscpy': This function or variable may be unsafe. Consider using wcscpy_s instead. To disable deprecation, use _CRT_SECURE_NO_WARNINGS. See online help for details.
  C:\Program Files (x86)\Windows Kits\10\Include\10.0.15063.0\ucrt\corecrt_wstring.h(123): note: see declaration of 'wcscpy'
c:\users\smofa\desktop\school\game design\new folder\fps-zombies\sound.h(205): warning C4018: '<': signed/unsigned mismatch
c:\users\smofa\desktop\school\game design\new folder\fps-zombies\sound.h(214): warning C4018: '<': signed/unsigned mismatch
sound.cpp(102): warning C4996: 'mbstowcs': This function or variable may be unsafe. Consider using mbstowcs_s instead. To disable deprecation, use _CRT_SECURE_NO_WARNINGS. See online help for details.
  C:\Program Files (x86)\Windows Kits\10\Include\10.0.15063.0\ucrt\stdlib.h(926): note: see declaration of 'mbstowcs'
  Generating code
  0 of 482 functions ( 0.0%) were compiled, the rest were copied from previous compilation.
    0 functions were new in current compilation
    0 functions had inline decision re-evaluated but remain unchanged
  Finished generating code
  lecture 8_2010.vcxproj -> C:\Users\smofa\Desktop\School\Game Design\New folder\FPS-Zombies\Release\homework 4.exe
